<?xml version="1.0" encoding="UTF-8" standalone="no"?><?xml-stylesheet type="text/xsl" href="E:/FRI/PNS/pins-08/pins/data/chunks.xsl"?><chunks><codechunk entrylabel="L0" exitlabel="L1"><frame FP="compiler.data.layout.Temp@13eb8acf" RV="compiler.data.layout.Temp@13eb8acf" argssize="8" depth="1" label="_f" locssize="0" size="24"/><stmt><imc name="LABEL" value="L0"/></stmt><stmt><imc name="MOVE"><imc name="TEMP" value="2"/><imc name="TEMP" value="0"/></imc></stmt><stmt><imc name="MOVE"><imc name="TEMP" value="3"/><imc name="CONST" value="8"/></imc></stmt><stmt><imc name="MOVE"><imc name="TEMP" value="4"/><imc name="BINOP" value="ADD"><imc name="TEMP" value="2"/><imc name="TEMP" value="3"/></imc></imc></stmt><stmt><imc name="MOVE"><imc name="TEMP" value="5"/><imc name="CONST" value="4"/></imc></stmt><stmt><imc name="MOVE"><imc name="MEM"><imc name="TEMP" value="4"/></imc><imc name="TEMP" value="5"/></imc></stmt><stmt><imc name="MOVE"><imc name="TEMP" value="6"/><imc name="CONST" value="0"/></imc></stmt><stmt><imc name="MOVE"><imc name="TEMP" value="0"/><imc name="TEMP" value="6"/></imc></stmt><stmt><imc name="JUMP" value="L1"/></stmt></codechunk></chunks>