<?xml version="1.0" encoding="UTF-8" standalone="no"?><?xml-stylesheet type="text/xsl" href="E:/FRI/PNS/pins-07/pins/data/imcgen.xsl"?><imcgen><node label="Source"><node label="Decls"><node label="FunDef" lexeme="f"><node label="ParDecls"><node label="ParDecl" lexeme="a"><node label="AtomType" spec="INT"><location loc="1.10--1.12"/><type label="INT"/></node><location loc="1.7--1.12"/><access depth="2" offset="8" size="8"/></node><location loc="1.7--1.12"/></node><node label="AtomType" spec="INT"><location loc="1.17--1.19"/><type label="INT"/></node><node label="BlockExpr"><node label="Decls"><location loc="0.0--0.0"/></node><node label="Stmts"><node label="ExprStmt"><node label="BinExpr" spec="ADD"><node label="VarName" lexeme="a"><location loc="2.5--2.5"/><declaredAt location="1.7--1.12"/><type label="INT"/><addr/><imc name="MEM"><imc name="BINOP" value="ADD"><imc name="TEMP" value="0"/><imc name="CONST" value="8"/></imc></imc></node><node label="AtomExpr" lexeme="3" spec="INT"><location loc="2.9--2.9"/><type label="INT"/><imc name="CONST" value="3"/></node><location loc="2.5--2.9"/><type label="INT"/><imc name="BINOP" value="ADD"><imc name="MEM"><imc name="BINOP" value="ADD"><imc name="TEMP" value="0"/><imc name="CONST" value="8"/></imc></imc><imc name="CONST" value="3"/></imc></node><location loc="2.5--2.9"/><imc name="ESTMT"><imc name="BINOP" value="ADD"><imc name="MEM"><imc name="BINOP" value="ADD"><imc name="TEMP" value="0"/><imc name="CONST" value="8"/></imc></imc><imc name="CONST" value="3"/></imc></imc></node><node label="ExprStmt"><node label="BinExpr" spec="MUL"><node label="AtomExpr" lexeme="3" spec="INT"><location loc="3.5--3.5"/><type label="INT"/><imc name="CONST" value="3"/></node><node label="AtomExpr" lexeme="4" spec="INT"><location loc="3.9--3.9"/><type label="INT"/><imc name="CONST" value="4"/></node><location loc="3.5--3.9"/><type label="INT"/><imc name="BINOP" value="MUL"><imc name="CONST" value="3"/><imc name="CONST" value="4"/></imc></node><location loc="3.5--3.9"/><imc name="ESTMT"><imc name="BINOP" value="MUL"><imc name="CONST" value="3"/><imc name="CONST" value="4"/></imc></imc></node><node label="ExprStmt"><node label="BinExpr" spec="DIV"><node label="AtomExpr" lexeme="4" spec="INT"><location loc="4.5--4.5"/><type label="INT"/><imc name="CONST" value="4"/></node><node label="AtomExpr" lexeme="5" spec="INT"><location loc="4.9--4.9"/><type label="INT"/><imc name="CONST" value="5"/></node><location loc="4.5--4.9"/><type label="INT"/><imc name="BINOP" value="DIV"><imc name="CONST" value="4"/><imc name="CONST" value="5"/></imc></node><location loc="4.5--4.9"/><imc name="ESTMT"><imc name="BINOP" value="DIV"><imc name="CONST" value="4"/><imc name="CONST" value="5"/></imc></imc></node><node label="ExprStmt"><node label="BinExpr" spec="SUB"><node label="AtomExpr" lexeme="5" spec="INT"><location loc="5.5--5.5"/><type label="INT"/><imc name="CONST" value="5"/></node><node label="AtomExpr" lexeme="6" spec="INT"><location loc="5.9--5.9"/><type label="INT"/><imc name="CONST" value="6"/></node><location loc="5.5--5.9"/><type label="INT"/><imc name="BINOP" value="SUB"><imc name="CONST" value="5"/><imc name="CONST" value="6"/></imc></node><location loc="5.5--5.9"/><imc name="ESTMT"><imc name="BINOP" value="SUB"><imc name="CONST" value="5"/><imc name="CONST" value="6"/></imc></imc></node><node label="ExprStmt"><node label="BinExpr" spec="MOD"><node label="AtomExpr" lexeme="7" spec="INT"><location loc="6.5--6.5"/><type label="INT"/><imc name="CONST" value="7"/></node><node label="AtomExpr" lexeme="8" spec="INT"><location loc="6.9--6.9"/><type label="INT"/><imc name="CONST" value="8"/></node><location loc="6.5--6.9"/><type label="INT"/><imc name="BINOP" value="MOD"><imc name="CONST" value="7"/><imc name="CONST" value="8"/></imc></node><location loc="6.5--6.9"/><imc name="ESTMT"><imc name="BINOP" value="MOD"><imc name="CONST" value="7"/><imc name="CONST" value="8"/></imc></imc></node><node label="ExprStmt"><node label="BinExpr" spec="ADD"><node label="BinExpr" spec="ADD"><node label="VarName" lexeme="a"><location loc="7.5--7.5"/><declaredAt location="1.7--1.12"/><type label="INT"/><addr/><imc name="MEM"><imc name="BINOP" value="ADD"><imc name="TEMP" value="0"/><imc name="CONST" value="8"/></imc></imc></node><node label="BinExpr" spec="DIV"><node label="BinExpr" spec="MUL"><node label="VarName" lexeme="a"><location loc="7.9--7.9"/><declaredAt location="1.7--1.12"/><type label="INT"/><addr/><imc name="MEM"><imc name="BINOP" value="ADD"><imc name="TEMP" value="0"/><imc name="CONST" value="8"/></imc></imc></node><node label="VarName" lexeme="a"><location loc="7.13--7.13"/><declaredAt location="1.7--1.12"/><type label="INT"/><addr/><imc name="MEM"><imc name="BINOP" value="ADD"><imc name="TEMP" value="0"/><imc name="CONST" value="8"/></imc></imc></node><location loc="7.9--7.17"/><type label="INT"/><imc name="BINOP" value="MUL"><imc name="MEM"><imc name="BINOP" value="ADD"><imc name="TEMP" value="0"/><imc name="CONST" value="8"/></imc></imc><imc name="MEM"><imc name="BINOP" value="ADD"><imc name="TEMP" value="0"/><imc name="CONST" value="8"/></imc></imc></imc></node><node label="VarName" lexeme="a"><location loc="7.17--7.17"/><declaredAt location="1.7--1.12"/><type label="INT"/><addr/><imc name="MEM"><imc name="BINOP" value="ADD"><imc name="TEMP" value="0"/><imc name="CONST" value="8"/></imc></imc></node><location loc="7.9--7.17"/><type label="INT"/><imc name="BINOP" value="DIV"><imc name="BINOP" value="MUL"><imc name="MEM"><imc name="BINOP" value="ADD"><imc name="TEMP" value="0"/><imc name="CONST" value="8"/></imc></imc><imc name="MEM"><imc name="BINOP" value="ADD"><imc name="TEMP" value="0"/><imc name="CONST" value="8"/></imc></imc></imc><imc name="MEM"><imc name="BINOP" value="ADD"><imc name="TEMP" value="0"/><imc name="CONST" value="8"/></imc></imc></imc></node><location loc="7.5--7.21"/><type label="INT"/><imc name="BINOP" value="ADD"><imc name="MEM"><imc name="BINOP" value="ADD"><imc name="TEMP" value="0"/><imc name="CONST" value="8"/></imc></imc><imc name="BINOP" value="DIV"><imc name="BINOP" value="MUL"><imc name="MEM"><imc name="BINOP" value="ADD"><imc name="TEMP" value="0"/><imc name="CONST" value="8"/></imc></imc><imc name="MEM"><imc name="BINOP" value="ADD"><imc name="TEMP" value="0"/><imc name="CONST" value="8"/></imc></imc></imc><imc name="MEM"><imc name="BINOP" value="ADD"><imc name="TEMP" value="0"/><imc name="CONST" value="8"/></imc></imc></imc></imc></node><node label="VarName" lexeme="a"><location loc="7.21--7.21"/><declaredAt location="1.7--1.12"/><type label="INT"/><addr/><imc name="MEM"><imc name="BINOP" value="ADD"><imc name="TEMP" value="0"/><imc name="CONST" value="8"/></imc></imc></node><location loc="7.5--7.21"/><type label="INT"/><imc name="BINOP" value="ADD"><imc name="BINOP" value="ADD"><imc name="MEM"><imc name="BINOP" value="ADD"><imc name="TEMP" value="0"/><imc name="CONST" value="8"/></imc></imc><imc name="BINOP" value="DIV"><imc name="BINOP" value="MUL"><imc name="MEM"><imc name="BINOP" value="ADD"><imc name="TEMP" value="0"/><imc name="CONST" value="8"/></imc></imc><imc name="MEM"><imc name="BINOP" value="ADD"><imc name="TEMP" value="0"/><imc name="CONST" value="8"/></imc></imc></imc><imc name="MEM"><imc name="BINOP" value="ADD"><imc name="TEMP" value="0"/><imc name="CONST" value="8"/></imc></imc></imc></imc><imc name="MEM"><imc name="BINOP" value="ADD"><imc name="TEMP" value="0"/><imc name="CONST" value="8"/></imc></imc></imc></node><location loc="7.5--7.21"/><imc name="ESTMT"><imc name="BINOP" value="ADD"><imc name="BINOP" value="ADD"><imc name="MEM"><imc name="BINOP" value="ADD"><imc name="TEMP" value="0"/><imc name="CONST" value="8"/></imc></imc><imc name="BINOP" value="DIV"><imc name="BINOP" value="MUL"><imc name="MEM"><imc name="BINOP" value="ADD"><imc name="TEMP" value="0"/><imc name="CONST" value="8"/></imc></imc><imc name="MEM"><imc name="BINOP" value="ADD"><imc name="TEMP" value="0"/><imc name="CONST" value="8"/></imc></imc></imc><imc name="MEM"><imc name="BINOP" value="ADD"><imc name="TEMP" value="0"/><imc name="CONST" value="8"/></imc></imc></imc></imc><imc name="MEM"><imc name="BINOP" value="ADD"><imc name="TEMP" value="0"/><imc name="CONST" value="8"/></imc></imc></imc></imc></node><location loc="2.5--7.21"/></node><node label="AtomExpr" lexeme="0" spec="INT"><location loc="8.3--8.3"/><type label="INT"/><imc name="CONST" value="0"/></node><location loc="1.21--8.3"/><type label="INT"/><imc name="SEXPR"><imc name="STMTS"><imc name="ESTMT"><imc name="BINOP" value="ADD"><imc name="MEM"><imc name="BINOP" value="ADD"><imc name="TEMP" value="0"/><imc name="CONST" value="8"/></imc></imc><imc name="CONST" value="3"/></imc></imc><imc name="ESTMT"><imc name="BINOP" value="MUL"><imc name="CONST" value="3"/><imc name="CONST" value="4"/></imc></imc><imc name="ESTMT"><imc name="BINOP" value="DIV"><imc name="CONST" value="4"/><imc name="CONST" value="5"/></imc></imc><imc name="ESTMT"><imc name="BINOP" value="SUB"><imc name="CONST" value="5"/><imc name="CONST" value="6"/></imc></imc><imc name="ESTMT"><imc name="BINOP" value="MOD"><imc name="CONST" value="7"/><imc name="CONST" value="8"/></imc></imc><imc name="ESTMT"><imc name="BINOP" value="ADD"><imc name="BINOP" value="ADD"><imc name="MEM"><imc name="BINOP" value="ADD"><imc name="TEMP" value="0"/><imc name="CONST" value="8"/></imc></imc><imc name="BINOP" value="DIV"><imc name="BINOP" value="MUL"><imc name="MEM"><imc name="BINOP" value="ADD"><imc name="TEMP" value="0"/><imc name="CONST" value="8"/></imc></imc><imc name="MEM"><imc name="BINOP" value="ADD"><imc name="TEMP" value="0"/><imc name="CONST" value="8"/></imc></imc></imc><imc name="MEM"><imc name="BINOP" value="ADD"><imc name="TEMP" value="0"/><imc name="CONST" value="8"/></imc></imc></imc></imc><imc name="MEM"><imc name="BINOP" value="ADD"><imc name="TEMP" value="0"/><imc name="CONST" value="8"/></imc></imc></imc></imc></imc><imc name="CONST" value="0"/></imc></node><location loc="1.1--8.3"/><frame argssize="8" depth="1" label="_f" locssize="0" size="24"/></node><location loc="1.1--8.3"/></node><location loc="1.1--8.3"/></node></imcgen>