<?xml version="1.0" encoding="UTF-8" standalone="no"?><?xml-stylesheet type="text/xsl" href="E:/FRI/PNS/pins-07/pins/data/imcgen.xsl"?><imcgen><node label="Source"><node label="Decls"><node label="FunDef" lexeme="f"><node label="ParDecls"><location loc="0.0--0.0"/></node><node label="AtomType" spec="INT"><location loc="1.11--1.13"/><type label="INT"/></node><node label="BlockExpr"><node label="Decls"><node label="VarDecl" lexeme="a"><node label="ArrType"><node label="AtomExpr" lexeme="10" spec="INT"><location loc="5.16--5.17"/><type label="INT"/><imc name="CONST" value="10"/></node><node label="ArrType"><node label="AtomExpr" lexeme="10" spec="INT"><location loc="5.24--5.25"/><type label="INT"/><imc name="CONST" value="10"/></node><node label="AtomType" spec="INT"><location loc="5.28--5.30"/><type label="INT"/></node><location loc="5.20--5.30"/><type label="ARR(10)" len="10"><type label="INT"/></type></node><location loc="5.12--5.30"/><type label="ARR(10)" len="10"><type label="ARR(10)" len="10"><type label="INT"/></type></type></node><location loc="5.5--5.30"/><access depth="2" offset="-800" size="800"/></node><location loc="5.5--5.30"/></node><node label="Stmts"><node label="ExprStmt"><node label="ArrExpr"><node label="VarName" lexeme="a"><location loc="2.5--2.5"/><declaredAt location="5.5--5.30"/><type label="ARR(10)" len="10"><type label="ARR(10)" len="10"><type label="INT"/></type></type><addr/><imc name="MEM"><imc name="BINOP" value="ADD"><imc name="TEMP" value="0"/><imc name="CONST" value="-800"/></imc></imc></node><node label="AtomExpr" lexeme="0" spec="INT"><location loc="2.7--2.7"/><type label="INT"/><imc name="CONST" value="0"/></node><location loc="2.6--2.8"/><type label="ARR(10)" len="10"><type label="INT"/></type><addr/><imc name="MEM"><imc name="BINOP" value="ADD"><imc name="BINOP" value="ADD"><imc name="TEMP" value="0"/><imc name="CONST" value="-800"/></imc><imc name="BINOP" value="MUL"><imc name="CONST" value="0"/><imc name="CONST" value="80"/></imc></imc></imc></node><location loc="2.5--2.8"/><imc name="ESTMT"><imc name="MEM"><imc name="BINOP" value="ADD"><imc name="BINOP" value="ADD"><imc name="TEMP" value="0"/><imc name="CONST" value="-800"/></imc><imc name="BINOP" value="MUL"><imc name="CONST" value="0"/><imc name="CONST" value="80"/></imc></imc></imc></imc></node><node label="ExprStmt"><node label="ArrExpr"><node label="ArrExpr"><node label="VarName" lexeme="a"><location loc="3.5--3.5"/><declaredAt location="5.5--5.30"/><type label="ARR(10)" len="10"><type label="ARR(10)" len="10"><type label="INT"/></type></type><addr/><imc name="MEM"><imc name="BINOP" value="ADD"><imc name="TEMP" value="0"/><imc name="CONST" value="-800"/></imc></imc></node><node label="AtomExpr" lexeme="0" spec="INT"><location loc="3.7--3.7"/><type label="INT"/><imc name="CONST" value="0"/></node><location loc="3.6--3.11"/><type label="ARR(10)" len="10"><type label="INT"/></type><addr/><imc name="MEM"><imc name="BINOP" value="ADD"><imc name="BINOP" value="ADD"><imc name="TEMP" value="0"/><imc name="CONST" value="-800"/></imc><imc name="BINOP" value="MUL"><imc name="CONST" value="0"/><imc name="CONST" value="80"/></imc></imc></imc></node><node label="AtomExpr" lexeme="0" spec="INT"><location loc="3.10--3.10"/><type label="INT"/><imc name="CONST" value="0"/></node><location loc="3.9--3.11"/><type label="INT"/><addr/><imc name="MEM"><imc name="BINOP" value="ADD"><imc name="BINOP" value="ADD"><imc name="BINOP" value="ADD"><imc name="TEMP" value="0"/><imc name="CONST" value="-800"/></imc><imc name="BINOP" value="MUL"><imc name="CONST" value="0"/><imc name="CONST" value="80"/></imc></imc><imc name="BINOP" value="MUL"><imc name="CONST" value="0"/><imc name="CONST" value="8"/></imc></imc></imc></node><location loc="3.5--3.11"/><imc name="ESTMT"><imc name="MEM"><imc name="BINOP" value="ADD"><imc name="BINOP" value="ADD"><imc name="BINOP" value="ADD"><imc name="TEMP" value="0"/><imc name="CONST" value="-800"/></imc><imc name="BINOP" value="MUL"><imc name="CONST" value="0"/><imc name="CONST" value="80"/></imc></imc><imc name="BINOP" value="MUL"><imc name="CONST" value="0"/><imc name="CONST" value="8"/></imc></imc></imc></imc></node><location loc="2.5--3.11"/></node><node label="AtomExpr" lexeme="0" spec="INT"><location loc="4.3--4.3"/><type label="INT"/><imc name="CONST" value="0"/></node><location loc="1.15--6.1"/><type label="INT"/><imc name="SEXPR"><imc name="STMTS"><imc name="ESTMT"><imc name="MEM"><imc name="BINOP" value="ADD"><imc name="BINOP" value="ADD"><imc name="TEMP" value="0"/><imc name="CONST" value="-800"/></imc><imc name="BINOP" value="MUL"><imc name="CONST" value="0"/><imc name="CONST" value="80"/></imc></imc></imc></imc><imc name="ESTMT"><imc name="MEM"><imc name="BINOP" value="ADD"><imc name="BINOP" value="ADD"><imc name="BINOP" value="ADD"><imc name="TEMP" value="0"/><imc name="CONST" value="-800"/></imc><imc name="BINOP" value="MUL"><imc name="CONST" value="0"/><imc name="CONST" value="80"/></imc></imc><imc name="BINOP" value="MUL"><imc name="CONST" value="0"/><imc name="CONST" value="8"/></imc></imc></imc></imc></imc><imc name="CONST" value="0"/></imc></node><location loc="1.1--6.1"/><frame argssize="8" depth="1" label="_f" locssize="800" size="824"/></node><location loc="1.1--6.1"/></node><location loc="1.1--6.1"/></node></imcgen>