<?xml version="1.0" encoding="UTF-8" standalone="no"?><?xml-stylesheet type="text/xsl" href="E:/FRI/PNS/pins-06/pins/data/frames.xsl"?><frames><node label="Source"><node label="Decls"><node label="VarDecl" lexeme="a"><node label="AtomType" spec="INT"><location loc="1.8--1.10"/><type label="INT"/></node><location loc="1.1--1.10"/><access label="_a" size="8"/></node><node label="VarDecl" lexeme="p"><node label="PtrType"><node label="AtomType" spec="VOID"><location loc="2.13--2.16"/><type label="VOID"/></node><location loc="2.9--2.16"/><type label="PTR"><type label="VOID"/></type></node><location loc="2.1--2.16"/><access label="_p" size="8"/></node><node label="FunDef" lexeme="main"><node label="ParDecls"><location loc="0.0--0.0"/></node><node label="AtomType" spec="INT"><location loc="4.14--4.16"/><type label="INT"/></node><node label="BlockExpr"><node label="Decls"><location loc="0.0--0.0"/></node><node label="Stmts"><node label="AssignStmt"><node label="VarName" lexeme="a"><location loc="5.5--5.5"/><declaredAt location="1.1--1.10"/><type label="INT"/><addr/></node><node label="BinExpr" spec="ADD"><node label="VarName" lexeme="a"><location loc="5.9--5.9"/><declaredAt location="1.1--1.10"/><type label="INT"/><addr/></node><node label="AtomExpr" lexeme="1" spec="INT"><location loc="5.13--5.13"/><type label="INT"/></node><location loc="5.9--5.13"/><type label="INT"/></node><location loc="5.5--5.13"/></node><node label="AssignStmt"><node label="VarName" lexeme="a"><location loc="6.5--6.5"/><declaredAt location="1.1--1.10"/><type label="INT"/><addr/></node><node label="AtomExpr" lexeme="3" spec="INT"><location loc="6.9--6.9"/><type label="INT"/></node><location loc="6.5--6.9"/></node><node label="ExprStmt"><node label="FunName" lexeme="main"><node label="Args"><location loc="0.0--0.0"/></node><location loc="7.5--7.10"/><declaredAt location="4.1--8.3"/><type label="INT"/></node><location loc="7.5--7.10"/></node><location loc="5.5--7.10"/></node><node label="VarName" lexeme="a"><location loc="8.3--8.3"/><declaredAt location="1.1--1.10"/><type label="INT"/><addr/></node><location loc="4.18--8.3"/><type label="INT"/></node><location loc="4.1--8.3"/><frame argssize="8" depth="1" label="_main" locssize="0" size="24"/></node><node label="FunDef" lexeme="f"><node label="ParDecls"><node label="ParDecl" lexeme="a"><node label="AtomType" spec="INT"><location loc="10.11--10.13"/><type label="INT"/></node><location loc="10.7--10.13"/><access depth="2" offset="8" size="8"/></node><node label="ParDecl" lexeme="b"><node label="AtomType" spec="INT"><location loc="10.19--10.21"/><type label="INT"/></node><location loc="10.16--10.21"/><access depth="2" offset="16" size="8"/></node><node label="ParDecl" lexeme="c"><node label="AtomType" spec="INT"><location loc="10.26--10.28"/><type label="INT"/></node><location loc="10.24--10.28"/><access depth="2" offset="24" size="8"/></node><location loc="10.7--10.28"/></node><node label="AtomType" spec="INT"><location loc="10.33--10.35"/><type label="INT"/></node><node label="BlockExpr"><node label="Decls"><node label="VarDecl" lexeme="sum"><node label="AtomType" spec="INT"><location loc="13.14--13.16"/><type label="INT"/></node><location loc="13.5--13.16"/><access depth="2" offset="-8" size="8"/></node><node label="VarDecl" lexeme="array"><node label="ArrType"><node label="AtomExpr" lexeme="10" spec="INT"><location loc="14.21--14.22"/><type label="INT"/></node><node label="ArrType"><node label="AtomExpr" lexeme="10" spec="INT"><location loc="14.30--14.31"/><type label="INT"/></node><node label="AtomType" spec="INT"><location loc="14.34--14.36"/><type label="INT"/></node><location loc="14.25--14.36"/><type label="ARR(10)" len="10"><type label="INT"/></type></node><location loc="14.16--14.36"/><type label="ARR(10)" len="10"><type label="ARR(10)" len="10"><type label="INT"/></type></type></node><location loc="14.5--14.36"/><access depth="2" offset="-808" size="800"/></node><node label="FunDef" lexeme="g"><node label="ParDecls"><node label="ParDecl" lexeme="a"><node label="AtomType" spec="INT"><location loc="15.14--15.16"/><type label="INT"/></node><location loc="15.11--15.16"/><access depth="3" offset="8" size="8"/></node><node label="ParDecl" lexeme="b"><node label="AtomType" spec="CHAR"><location loc="15.22--15.25"/><type label="CHAR"/></node><location loc="15.19--15.25"/><access depth="3" offset="16" size="8"/></node><node label="ParDecl" lexeme="c"><node label="PtrType"><node label="AtomType" spec="INT"><location loc="15.35--15.37"/><type label="INT"/></node><location loc="15.31--15.37"/><type label="PTR"><type label="INT"/></type></node><location loc="15.28--15.37"/><access depth="3" offset="24" size="8"/></node><location loc="15.11--15.37"/></node><node label="PtrType"><node label="AtomType" spec="VOID"><location loc="15.46--15.49"/><type label="VOID"/></node><location loc="15.42--15.49"/><type label="PTR"><type label="VOID"/></type></node><node label="BlockExpr"><node label="Decls"><node label="VarDecl" lexeme="i"><node label="PtrType"><node label="AtomType" spec="VOID"><location loc="18.21--18.24"/><type label="VOID"/></node><location loc="18.17--18.24"/><type label="PTR"><type label="VOID"/></type></node><location loc="18.9--18.24"/><access depth="3" offset="-8" size="8"/></node><location loc="18.9--18.24"/></node><node label="Stmts"><node label="AssignStmt"><node label="VarName" lexeme="i"><location loc="16.9--16.9"/><declaredAt location="18.9--18.24"/><type label="PTR"><type label="VOID"/></type><addr/></node><node label="AtomExpr" lexeme="null" spec="PTR"><location loc="16.13--16.16"/><type label="PTR"><type label="VOID"/></type></node><location loc="16.9--16.16"/></node><location loc="16.9--16.16"/></node><node label="VarName" lexeme="i"><location loc="17.7--17.7"/><declaredAt location="18.9--18.24"/><type label="PTR"><type label="VOID"/></type><addr/></node><location loc="15.51--19.5"/><type label="PTR"><type label="VOID"/></type></node><location loc="15.5--19.5"/><frame argssize="0" depth="2" label="L0" locssize="8" size="24"/></node><location loc="13.5--19.5"/></node><node label="Stmts"><node label="AssignStmt"><node label="VarName" lexeme="sum"><location loc="11.5--11.7"/><declaredAt location="13.5--13.16"/><type label="INT"/><addr/></node><node label="FunName" lexeme="f"><node label="Args"><node label="VarName" lexeme="a"><location loc="11.13--11.13"/><declaredAt location="10.7--10.13"/><type label="INT"/><addr/></node><node label="VarName" lexeme="b"><location loc="11.16--11.16"/><declaredAt location="10.16--10.21"/><type label="INT"/><addr/></node><node label="VarName" lexeme="c"><location loc="11.19--11.19"/><declaredAt location="10.24--10.28"/><type label="INT"/><addr/></node><location loc="11.13--0.0"/></node><location loc="11.11--11.20"/><declaredAt location="10.1--20.1"/><type label="INT"/></node><location loc="11.5--11.20"/></node><location loc="11.5--11.20"/></node><node label="VarName" lexeme="sum"><location loc="12.3--12.5"/><declaredAt location="13.5--13.16"/><type label="INT"/><addr/></node><location loc="10.37--20.1"/><type label="INT"/></node><location loc="10.1--20.1"/><frame argssize="32" depth="1" label="_f" locssize="808" size="856"/></node><location loc="1.1--20.1"/></node><location loc="1.1--20.1"/></node></frames>