<?xml version="1.0" encoding="UTF-8" standalone="no"?><?xml-stylesheet type="text/xsl" href="E:/FRI/PNS/pins-08/pins/data/chunks.xsl"?><chunks><datachunk label="_b" size="8"/><datachunk label="_a" size="8"/><codechunk entrylabel="L0" exitlabel="L1"><frame FP="compiler.data.layout.Temp@103f852" RV="compiler.data.layout.Temp@103f852" argssize="16" depth="1" label="_main" locssize="16" size="48"/><stmt><imc name="LABEL" value="L0"/></stmt><stmt><imc name="MOVE"><imc name="TEMP" value="3"/><imc name="TEMP" value="0"/></imc></stmt><stmt><imc name="MOVE"><imc name="TEMP" value="4"/><imc name="CONST" value="-16"/></imc></stmt><stmt><imc name="MOVE"><imc name="TEMP" value="5"/><imc name="BINOP" value="ADD"><imc name="TEMP" value="3"/><imc name="TEMP" value="4"/></imc></imc></stmt><stmt><imc name="MOVE"><imc name="TEMP" value="6"/><imc name="CONST" value="0"/></imc></stmt><stmt><imc name="MOVE"><imc name="TEMP" value="7"/><imc name="CONST" value="8"/></imc></stmt><stmt><imc name="MOVE"><imc name="TEMP" value="8"/><imc name="BINOP" value="MUL"><imc name="TEMP" value="6"/><imc name="TEMP" value="7"/></imc></imc></stmt><stmt><imc name="MOVE"><imc name="TEMP" value="9"/><imc name="BINOP" value="ADD"><imc name="TEMP" value="5"/><imc name="TEMP" value="8"/></imc></imc></stmt><stmt><imc name="MOVE"><imc name="TEMP" value="10"/><imc name="CONST" value="0"/></imc></stmt><stmt><imc name="MOVE"><imc name="TEMP" value="11"/><imc name="CONST" value="8"/></imc></stmt><stmt><imc name="MOVE"><imc name="TEMP" value="12"/><imc name="BINOP" value="MUL"><imc name="TEMP" value="10"/><imc name="TEMP" value="11"/></imc></imc></stmt><stmt><imc name="MOVE"><imc name="TEMP" value="13"/><imc name="BINOP" value="ADD"><imc name="TEMP" value="9"/><imc name="TEMP" value="12"/></imc></imc></stmt><stmt><imc name="MOVE"><imc name="TEMP" value="14"/><imc name="CONST" value="0"/></imc></stmt><stmt><imc name="MOVE"><imc name="TEMP" value="15"/><imc name="CONST" value="8"/></imc></stmt><stmt><imc name="MOVE"><imc name="TEMP" value="16"/><imc name="BINOP" value="MUL"><imc name="TEMP" value="14"/><imc name="TEMP" value="15"/></imc></imc></stmt><stmt><imc name="MOVE"><imc name="TEMP" value="17"/><imc name="BINOP" value="ADD"><imc name="TEMP" value="13"/><imc name="TEMP" value="16"/></imc></imc></stmt><stmt><imc name="MOVE"><imc name="TEMP" value="18"/><imc name="CONST" value="0"/></imc></stmt><stmt><imc name="MOVE"><imc name="MEM"><imc name="TEMP" value="17"/></imc><imc name="TEMP" value="18"/></imc></stmt><stmt><imc name="MOVE"><imc name="TEMP" value="19"/><imc name="TEMP" value="0"/></imc></stmt><stmt><imc name="MOVE"><imc name="TEMP" value="20"/><imc name="CONST" value="-8"/></imc></stmt><stmt><imc name="MOVE"><imc name="TEMP" value="21"/><imc name="BINOP" value="ADD"><imc name="TEMP" value="19"/><imc name="TEMP" value="20"/></imc></imc></stmt><stmt><imc name="MOVE"><imc name="TEMP" value="22"/><imc name="CONST" value="0"/></imc></stmt><stmt><imc name="MOVE"><imc name="TEMP" value="23"/><imc name="CONST" value="8"/></imc></stmt><stmt><imc name="MOVE"><imc name="TEMP" value="24"/><imc name="BINOP" value="MUL"><imc name="TEMP" value="22"/><imc name="TEMP" value="23"/></imc></imc></stmt><stmt><imc name="MOVE"><imc name="TEMP" value="25"/><imc name="BINOP" value="ADD"><imc name="TEMP" value="21"/><imc name="TEMP" value="24"/></imc></imc></stmt><stmt><imc name="MOVE"><imc name="TEMP" value="26"/><imc name="CONST" value="0"/></imc></stmt><stmt><imc name="MOVE"><imc name="TEMP" value="27"/><imc name="CONST" value="8"/></imc></stmt><stmt><imc name="MOVE"><imc name="TEMP" value="28"/><imc name="BINOP" value="MUL"><imc name="TEMP" value="26"/><imc name="TEMP" value="27"/></imc></imc></stmt><stmt><imc name="MOVE"><imc name="TEMP" value="29"/><imc name="BINOP" value="ADD"><imc name="TEMP" value="25"/><imc name="TEMP" value="28"/></imc></imc></stmt><stmt><imc name="MOVE"><imc name="TEMP" value="30"/><imc name="CONST" value="0"/></imc></stmt><stmt><imc name="MOVE"><imc name="TEMP" value="31"/><imc name="CONST" value="8"/></imc></stmt><stmt><imc name="MOVE"><imc name="TEMP" value="32"/><imc name="BINOP" value="MUL"><imc name="TEMP" value="30"/><imc name="TEMP" value="31"/></imc></imc></stmt><stmt><imc name="MOVE"><imc name="TEMP" value="33"/><imc name="BINOP" value="ADD"><imc name="TEMP" value="29"/><imc name="TEMP" value="32"/></imc></imc></stmt><stmt><imc name="MOVE"><imc name="TEMP" value="34"/><imc name="CONST" value="2"/></imc></stmt><stmt><imc name="MOVE"><imc name="MEM"><imc name="TEMP" value="33"/></imc><imc name="TEMP" value="34"/></imc></stmt><stmt><imc name="MOVE"><imc name="TEMP" value="35"/><imc name="TEMP" value="0"/></imc></stmt><stmt><imc name="MOVE"><imc name="TEMP" value="36"/><imc name="CONST" value="-8"/></imc></stmt><stmt><imc name="MOVE"><imc name="TEMP" value="37"/><imc name="BINOP" value="ADD"><imc name="TEMP" value="35"/><imc name="TEMP" value="36"/></imc></imc></stmt><stmt><imc name="MOVE"><imc name="TEMP" value="38"/><imc name="TEMP" value="0"/></imc></stmt><stmt><imc name="MOVE"><imc name="TEMP" value="39"/><imc name="CONST" value="-16"/></imc></stmt><stmt><imc name="MOVE"><imc name="TEMP" value="40"/><imc name="BINOP" value="ADD"><imc name="TEMP" value="38"/><imc name="TEMP" value="39"/></imc></imc></stmt><stmt><imc name="MOVE"><imc name="TEMP" value="41"/><imc name="CONST" value="0"/></imc></stmt><stmt><imc name="MOVE"><imc name="TEMP" value="42"/><imc name="CONST" value="8"/></imc></stmt><stmt><imc name="MOVE"><imc name="TEMP" value="43"/><imc name="BINOP" value="MUL"><imc name="TEMP" value="41"/><imc name="TEMP" value="42"/></imc></imc></stmt><stmt><imc name="MOVE"><imc name="TEMP" value="44"/><imc name="BINOP" value="ADD"><imc name="TEMP" value="40"/><imc name="TEMP" value="43"/></imc></imc></stmt><stmt><imc name="MOVE"><imc name="TEMP" value="45"/><imc name="CONST" value="0"/></imc></stmt><stmt><imc name="MOVE"><imc name="TEMP" value="46"/><imc name="CONST" value="8"/></imc></stmt><stmt><imc name="MOVE"><imc name="TEMP" value="47"/><imc name="BINOP" value="MUL"><imc name="TEMP" value="45"/><imc name="TEMP" value="46"/></imc></imc></stmt><stmt><imc name="MOVE"><imc name="TEMP" value="48"/><imc name="BINOP" value="ADD"><imc name="TEMP" value="44"/><imc name="TEMP" value="47"/></imc></imc></stmt><stmt><imc name="MOVE"><imc name="TEMP" value="49"/><imc name="CONST" value="0"/></imc></stmt><stmt><imc name="MOVE"><imc name="TEMP" value="50"/><imc name="CONST" value="8"/></imc></stmt><stmt><imc name="MOVE"><imc name="TEMP" value="51"/><imc name="BINOP" value="MUL"><imc name="TEMP" value="49"/><imc name="TEMP" value="50"/></imc></imc></stmt><stmt><imc name="MOVE"><imc name="TEMP" value="52"/><imc name="MEM"><imc name="BINOP" value="ADD"><imc name="TEMP" value="48"/><imc name="TEMP" value="51"/></imc></imc></imc></stmt><stmt><imc name="MOVE"><imc name="TEMP" value="53"/><imc name="CONST" value="8"/></imc></stmt><stmt><imc name="MOVE"><imc name="TEMP" value="54"/><imc name="BINOP" value="MUL"><imc name="TEMP" value="52"/><imc name="TEMP" value="53"/></imc></imc></stmt><stmt><imc name="MOVE"><imc name="TEMP" value="55"/><imc name="BINOP" value="ADD"><imc name="TEMP" value="37"/><imc name="TEMP" value="54"/></imc></imc></stmt><stmt><imc name="MOVE"><imc name="TEMP" value="56"/><imc name="TEMP" value="0"/></imc></stmt><stmt><imc name="MOVE"><imc name="TEMP" value="57"/><imc name="CONST" value="-16"/></imc></stmt><stmt><imc name="MOVE"><imc name="TEMP" value="58"/><imc name="BINOP" value="ADD"><imc name="TEMP" value="56"/><imc name="TEMP" value="57"/></imc></imc></stmt><stmt><imc name="MOVE"><imc name="TEMP" value="59"/><imc name="CONST" value="0"/></imc></stmt><stmt><imc name="MOVE"><imc name="TEMP" value="60"/><imc name="CONST" value="8"/></imc></stmt><stmt><imc name="MOVE"><imc name="TEMP" value="61"/><imc name="BINOP" value="MUL"><imc name="TEMP" value="59"/><imc name="TEMP" value="60"/></imc></imc></stmt><stmt><imc name="MOVE"><imc name="TEMP" value="62"/><imc name="BINOP" value="ADD"><imc name="TEMP" value="58"/><imc name="TEMP" value="61"/></imc></imc></stmt><stmt><imc name="MOVE"><imc name="TEMP" value="63"/><imc name="CONST" value="0"/></imc></stmt><stmt><imc name="MOVE"><imc name="TEMP" value="64"/><imc name="CONST" value="8"/></imc></stmt><stmt><imc name="MOVE"><imc name="TEMP" value="65"/><imc name="BINOP" value="MUL"><imc name="TEMP" value="63"/><imc name="TEMP" value="64"/></imc></imc></stmt><stmt><imc name="MOVE"><imc name="TEMP" value="66"/><imc name="BINOP" value="ADD"><imc name="TEMP" value="62"/><imc name="TEMP" value="65"/></imc></imc></stmt><stmt><imc name="MOVE"><imc name="TEMP" value="67"/><imc name="CONST" value="0"/></imc></stmt><stmt><imc name="MOVE"><imc name="TEMP" value="68"/><imc name="CONST" value="8"/></imc></stmt><stmt><imc name="MOVE"><imc name="TEMP" value="69"/><imc name="BINOP" value="MUL"><imc name="TEMP" value="67"/><imc name="TEMP" value="68"/></imc></imc></stmt><stmt><imc name="MOVE"><imc name="TEMP" value="70"/><imc name="MEM"><imc name="BINOP" value="ADD"><imc name="TEMP" value="66"/><imc name="TEMP" value="69"/></imc></imc></imc></stmt><stmt><imc name="MOVE"><imc name="TEMP" value="71"/><imc name="CONST" value="8"/></imc></stmt><stmt><imc name="MOVE"><imc name="TEMP" value="72"/><imc name="BINOP" value="MUL"><imc name="TEMP" value="70"/><imc name="TEMP" value="71"/></imc></imc></stmt><stmt><imc name="MOVE"><imc name="TEMP" value="73"/><imc name="BINOP" value="ADD"><imc name="TEMP" value="55"/><imc name="TEMP" value="72"/></imc></imc></stmt><stmt><imc name="MOVE"><imc name="TEMP" value="74"/><imc name="TEMP" value="0"/></imc></stmt><stmt><imc name="MOVE"><imc name="TEMP" value="75"/><imc name="CONST" value="-16"/></imc></stmt><stmt><imc name="MOVE"><imc name="TEMP" value="76"/><imc name="BINOP" value="ADD"><imc name="TEMP" value="74"/><imc name="TEMP" value="75"/></imc></imc></stmt><stmt><imc name="MOVE"><imc name="TEMP" value="77"/><imc name="CONST" value="0"/></imc></stmt><stmt><imc name="MOVE"><imc name="TEMP" value="78"/><imc name="CONST" value="8"/></imc></stmt><stmt><imc name="MOVE"><imc name="TEMP" value="79"/><imc name="BINOP" value="MUL"><imc name="TEMP" value="77"/><imc name="TEMP" value="78"/></imc></imc></stmt><stmt><imc name="MOVE"><imc name="TEMP" value="80"/><imc name="BINOP" value="ADD"><imc name="TEMP" value="76"/><imc name="TEMP" value="79"/></imc></imc></stmt><stmt><imc name="MOVE"><imc name="TEMP" value="81"/><imc name="CONST" value="0"/></imc></stmt><stmt><imc name="MOVE"><imc name="TEMP" value="82"/><imc name="CONST" value="8"/></imc></stmt><stmt><imc name="MOVE"><imc name="TEMP" value="83"/><imc name="BINOP" value="MUL"><imc name="TEMP" value="81"/><imc name="TEMP" value="82"/></imc></imc></stmt><stmt><imc name="MOVE"><imc name="TEMP" value="84"/><imc name="BINOP" value="ADD"><imc name="TEMP" value="80"/><imc name="TEMP" value="83"/></imc></imc></stmt><stmt><imc name="MOVE"><imc name="TEMP" value="85"/><imc name="CONST" value="0"/></imc></stmt><stmt><imc name="MOVE"><imc name="TEMP" value="86"/><imc name="CONST" value="8"/></imc></stmt><stmt><imc name="MOVE"><imc name="TEMP" value="87"/><imc name="BINOP" value="MUL"><imc name="TEMP" value="85"/><imc name="TEMP" value="86"/></imc></imc></stmt><stmt><imc name="MOVE"><imc name="TEMP" value="88"/><imc name="MEM"><imc name="BINOP" value="ADD"><imc name="TEMP" value="84"/><imc name="TEMP" value="87"/></imc></imc></imc></stmt><stmt><imc name="MOVE"><imc name="TEMP" value="89"/><imc name="CONST" value="8"/></imc></stmt><stmt><imc name="MOVE"><imc name="TEMP" value="90"/><imc name="BINOP" value="MUL"><imc name="TEMP" value="88"/><imc name="TEMP" value="89"/></imc></imc></stmt><stmt><imc name="MOVE"><imc name="TEMP" value="91"/><imc name="MEM"><imc name="BINOP" value="ADD"><imc name="TEMP" value="73"/><imc name="TEMP" value="90"/></imc></imc></imc></stmt><stmt><imc name="MOVE"><imc name="TEMP" value="92"/><imc name="CONST" value="48"/></imc></stmt><stmt><imc name="MOVE"><imc name="TEMP" value="93"/><imc name="BINOP" value="ADD"><imc name="TEMP" value="91"/><imc name="TEMP" value="92"/></imc></imc></stmt><stmt><imc name="MOVE"><imc name="TEMP" value="94"/><imc name="CONST" value="256"/></imc></stmt><stmt><imc name="ESTMT"><imc name="CALL" value="_putChar"><imc name="CONST" value="0"/><imc name="BINOP" value="MOD"><imc name="TEMP" value="93"/><imc name="TEMP" value="94"/></imc></imc></imc></stmt><stmt><imc name="MOVE"><imc name="TEMP" value="95"/><imc name="CONST" value="0"/></imc></stmt><stmt><imc name="MOVE"><imc name="TEMP" value="0"/><imc name="TEMP" value="95"/></imc></stmt><stmt><imc name="JUMP" value="L1"/></stmt></codechunk></chunks>