<?xml version="1.0" encoding="UTF-8" standalone="no"?><?xml-stylesheet type="text/xsl" href="E:/FRI/PNS/pins-08/pins/data/chunks.xsl"?><chunks><codechunk entrylabel="L6" exitlabel="L7"><frame FP="compiler.data.layout.Temp@32eebfca" RV="compiler.data.layout.Temp@32eebfca" argssize="8" depth="1" label="_f" locssize="0" size="24"/><stmt><imc name="LABEL" value="L6"/></stmt><stmt><imc name="LABEL" value="L3"/></stmt><stmt><imc name="CJUMP" value="L4:L8"><imc name="CONST" value="1"/></imc></stmt><stmt><imc name="LABEL" value="L8"/></stmt><stmt><imc name="JUMP" value="L5"/></stmt><stmt><imc name="LABEL" value="L4"/></stmt><stmt><imc name="ESTMT"><imc name="CONST" value="4"/></imc></stmt><stmt><imc name="JUMP" value="L3"/></stmt><stmt><imc name="LABEL" value="L5"/></stmt><stmt><imc name="MOVE"><imc name="TEMP" value="2"/><imc name="CONST" value="0"/></imc></stmt><stmt><imc name="MOVE"><imc name="TEMP" value="0"/><imc name="TEMP" value="2"/></imc></stmt><stmt><imc name="JUMP" value="L7"/></stmt></codechunk></chunks>