<?xml version="1.0" encoding="UTF-8" standalone="no"?><?xml-stylesheet type="text/xsl" href="E:/FRI/PNS/pins-08/pins/data/chunks.xsl"?><chunks><codechunk entrylabel="L0" exitlabel="L1"><frame FP="compiler.data.layout.Temp@7e0e6aa2" RV="compiler.data.layout.Temp@7e0e6aa2" argssize="8" depth="1" label="_f" locssize="0" size="24"/><stmt><imc name="LABEL" value="L0"/></stmt><stmt><imc name="MOVE"><imc name="TEMP" value="2"/><imc name="TEMP" value="0"/></imc></stmt><stmt><imc name="MOVE"><imc name="TEMP" value="3"/><imc name="CONST" value="8"/></imc></stmt><stmt><imc name="ESTMT"><imc name="MEM"><imc name="BINOP" value="ADD"><imc name="TEMP" value="2"/><imc name="TEMP" value="3"/></imc></imc></imc></stmt><stmt><imc name="MOVE"><imc name="TEMP" value="4"/><imc name="TEMP" value="0"/></imc></stmt><stmt><imc name="MOVE"><imc name="TEMP" value="5"/><imc name="CONST" value="8"/></imc></stmt><stmt><imc name="ESTMT"><imc name="UNOP" value="NEG"><imc name="MEM"><imc name="BINOP" value="ADD"><imc name="TEMP" value="4"/><imc name="TEMP" value="5"/></imc></imc></imc></imc></stmt><stmt><imc name="MOVE"><imc name="TEMP" value="6"/><imc name="TEMP" value="0"/></imc></stmt><stmt><imc name="MOVE"><imc name="TEMP" value="7"/><imc name="CONST" value="16"/></imc></stmt><stmt><imc name="ESTMT"><imc name="MEM"><imc name="MEM"><imc name="BINOP" value="ADD"><imc name="TEMP" value="6"/><imc name="TEMP" value="7"/></imc></imc></imc></imc></stmt><stmt><imc name="MOVE"><imc name="TEMP" value="8"/><imc name="TEMP" value="0"/></imc></stmt><stmt><imc name="MOVE"><imc name="TEMP" value="9"/><imc name="CONST" value="16"/></imc></stmt><stmt><imc name="ESTMT"><imc name="MEM"><imc name="BINOP" value="ADD"><imc name="TEMP" value="8"/><imc name="TEMP" value="9"/></imc></imc></imc></stmt><stmt><imc name="MOVE"><imc name="TEMP" value="10"/><imc name="CONST" value="0"/></imc></stmt><stmt><imc name="MOVE"><imc name="TEMP" value="0"/><imc name="TEMP" value="10"/></imc></stmt><stmt><imc name="JUMP" value="L1"/></stmt></codechunk></chunks>