<?xml version="1.0" encoding="UTF-8" standalone="no"?><?xml-stylesheet type="text/xsl" href="E:/FRI/PNS/pins-08/pins/data/chunks.xsl"?><chunks><codechunk entrylabel="L0" exitlabel="L1"><frame FP="compiler.data.layout.Temp@2e3fc542" RV="compiler.data.layout.Temp@2e3fc542" argssize="8" depth="1" label="_f" locssize="0" size="24"/><stmt><imc name="LABEL" value="L0"/></stmt><stmt><imc name="MOVE"><imc name="TEMP" value="2"/><imc name="TEMP" value="0"/></imc></stmt><stmt><imc name="MOVE"><imc name="TEMP" value="3"/><imc name="CONST" value="8"/></imc></stmt><stmt><imc name="MOVE"><imc name="TEMP" value="4"/><imc name="MEM"><imc name="BINOP" value="ADD"><imc name="TEMP" value="2"/><imc name="TEMP" value="3"/></imc></imc></imc></stmt><stmt><imc name="MOVE"><imc name="TEMP" value="5"/><imc name="CONST" value="3"/></imc></stmt><stmt><imc name="ESTMT"><imc name="BINOP" value="ADD"><imc name="TEMP" value="4"/><imc name="TEMP" value="5"/></imc></imc></stmt><stmt><imc name="MOVE"><imc name="TEMP" value="6"/><imc name="CONST" value="3"/></imc></stmt><stmt><imc name="MOVE"><imc name="TEMP" value="7"/><imc name="CONST" value="4"/></imc></stmt><stmt><imc name="ESTMT"><imc name="BINOP" value="MUL"><imc name="TEMP" value="6"/><imc name="TEMP" value="7"/></imc></imc></stmt><stmt><imc name="MOVE"><imc name="TEMP" value="8"/><imc name="CONST" value="4"/></imc></stmt><stmt><imc name="MOVE"><imc name="TEMP" value="9"/><imc name="CONST" value="5"/></imc></stmt><stmt><imc name="ESTMT"><imc name="BINOP" value="DIV"><imc name="TEMP" value="8"/><imc name="TEMP" value="9"/></imc></imc></stmt><stmt><imc name="MOVE"><imc name="TEMP" value="10"/><imc name="CONST" value="5"/></imc></stmt><stmt><imc name="MOVE"><imc name="TEMP" value="11"/><imc name="CONST" value="6"/></imc></stmt><stmt><imc name="ESTMT"><imc name="BINOP" value="SUB"><imc name="TEMP" value="10"/><imc name="TEMP" value="11"/></imc></imc></stmt><stmt><imc name="MOVE"><imc name="TEMP" value="12"/><imc name="CONST" value="7"/></imc></stmt><stmt><imc name="MOVE"><imc name="TEMP" value="13"/><imc name="CONST" value="8"/></imc></stmt><stmt><imc name="ESTMT"><imc name="BINOP" value="MOD"><imc name="TEMP" value="12"/><imc name="TEMP" value="13"/></imc></imc></stmt><stmt><imc name="MOVE"><imc name="TEMP" value="14"/><imc name="TEMP" value="0"/></imc></stmt><stmt><imc name="MOVE"><imc name="TEMP" value="15"/><imc name="CONST" value="8"/></imc></stmt><stmt><imc name="MOVE"><imc name="TEMP" value="16"/><imc name="MEM"><imc name="BINOP" value="ADD"><imc name="TEMP" value="14"/><imc name="TEMP" value="15"/></imc></imc></imc></stmt><stmt><imc name="MOVE"><imc name="TEMP" value="17"/><imc name="TEMP" value="0"/></imc></stmt><stmt><imc name="MOVE"><imc name="TEMP" value="18"/><imc name="CONST" value="8"/></imc></stmt><stmt><imc name="MOVE"><imc name="TEMP" value="19"/><imc name="MEM"><imc name="BINOP" value="ADD"><imc name="TEMP" value="17"/><imc name="TEMP" value="18"/></imc></imc></imc></stmt><stmt><imc name="MOVE"><imc name="TEMP" value="20"/><imc name="TEMP" value="0"/></imc></stmt><stmt><imc name="MOVE"><imc name="TEMP" value="21"/><imc name="CONST" value="8"/></imc></stmt><stmt><imc name="MOVE"><imc name="TEMP" value="22"/><imc name="MEM"><imc name="BINOP" value="ADD"><imc name="TEMP" value="20"/><imc name="TEMP" value="21"/></imc></imc></imc></stmt><stmt><imc name="MOVE"><imc name="TEMP" value="23"/><imc name="BINOP" value="MUL"><imc name="TEMP" value="19"/><imc name="TEMP" value="22"/></imc></imc></stmt><stmt><imc name="MOVE"><imc name="TEMP" value="24"/><imc name="TEMP" value="0"/></imc></stmt><stmt><imc name="MOVE"><imc name="TEMP" value="25"/><imc name="CONST" value="8"/></imc></stmt><stmt><imc name="MOVE"><imc name="TEMP" value="26"/><imc name="MEM"><imc name="BINOP" value="ADD"><imc name="TEMP" value="24"/><imc name="TEMP" value="25"/></imc></imc></imc></stmt><stmt><imc name="MOVE"><imc name="TEMP" value="27"/><imc name="BINOP" value="DIV"><imc name="TEMP" value="23"/><imc name="TEMP" value="26"/></imc></imc></stmt><stmt><imc name="MOVE"><imc name="TEMP" value="28"/><imc name="BINOP" value="ADD"><imc name="TEMP" value="16"/><imc name="TEMP" value="27"/></imc></imc></stmt><stmt><imc name="MOVE"><imc name="TEMP" value="29"/><imc name="TEMP" value="0"/></imc></stmt><stmt><imc name="MOVE"><imc name="TEMP" value="30"/><imc name="CONST" value="8"/></imc></stmt><stmt><imc name="MOVE"><imc name="TEMP" value="31"/><imc name="MEM"><imc name="BINOP" value="ADD"><imc name="TEMP" value="29"/><imc name="TEMP" value="30"/></imc></imc></imc></stmt><stmt><imc name="ESTMT"><imc name="BINOP" value="ADD"><imc name="TEMP" value="28"/><imc name="TEMP" value="31"/></imc></imc></stmt><stmt><imc name="MOVE"><imc name="TEMP" value="32"/><imc name="CONST" value="0"/></imc></stmt><stmt><imc name="MOVE"><imc name="TEMP" value="0"/><imc name="TEMP" value="32"/></imc></stmt><stmt><imc name="JUMP" value="L1"/></stmt></codechunk></chunks>