<?xml version="1.0" encoding="UTF-8" standalone="no"?><?xml-stylesheet type="text/xsl" href="E:/FRI/PNS/pins-07/pins/data/imcgen.xsl"?><imcgen><node label="Source"><node label="Decls"><node label="FunDef" lexeme="f"><node label="ParDecls"><location loc="0.0--0.0"/></node><node label="AtomType" spec="INT"><location loc="1.11--1.13"/><type label="INT"/></node><node label="BlockExpr"><node label="Decls"><location loc="0.0--0.0"/></node><node label="Stmts"><node label="ExprStmt"><node label="AtomExpr" lexeme="12345" spec="INT"><location loc="2.5--2.9"/><type label="INT"/><imc name="CONST" value="12345"/></node><location loc="2.5--2.9"/><imc name="ESTMT"><imc name="CONST" value="12345"/></imc></node><node label="ExprStmt"><node label="AtomExpr" lexeme="true" spec="BOOL"><location loc="3.5--3.8"/><type label="BOOL"/><imc name="CONST" value="1"/></node><location loc="3.5--3.8"/><imc name="ESTMT"><imc name="CONST" value="1"/></imc></node><node label="ExprStmt"><node label="AtomExpr" lexeme="false" spec="BOOL"><location loc="4.5--4.9"/><type label="BOOL"/><imc name="CONST" value="0"/></node><location loc="4.5--4.9"/><imc name="ESTMT"><imc name="CONST" value="0"/></imc></node><node label="ExprStmt"><node label="AtomExpr" lexeme="none" spec="VOID"><location loc="5.5--5.8"/><type label="VOID"/><imc name="CONST" value="0"/></node><location loc="5.5--5.8"/><imc name="ESTMT"><imc name="CONST" value="0"/></imc></node><node label="ExprStmt"><node label="AtomExpr" lexeme="null" spec="PTR"><location loc="6.5--6.8"/><type label="PTR"><type label="VOID"/></type><imc name="CONST" value="0"/></node><location loc="6.5--6.8"/><imc name="ESTMT"><imc name="CONST" value="0"/></imc></node><node label="ExprStmt"><node label="AtomExpr" lexeme="'b'" spec="CHAR"><location loc="7.5--7.7"/><type label="CHAR"/><imc name="CONST" value="98"/></node><location loc="7.5--7.7"/><imc name="ESTMT"><imc name="CONST" value="98"/></imc></node><node label="ExprStmt"><node label="AtomExpr" lexeme="' '" spec="CHAR"><location loc="8.5--8.7"/><type label="CHAR"/><imc name="CONST" value="32"/></node><location loc="8.5--8.7"/><imc name="ESTMT"><imc name="CONST" value="32"/></imc></node><location loc="2.5--8.7"/></node><node label="AtomExpr" lexeme="0" spec="INT"><location loc="9.3--9.3"/><type label="INT"/><imc name="CONST" value="0"/></node><location loc="1.15--9.3"/><type label="INT"/><imc name="SEXPR"><imc name="STMTS"><imc name="ESTMT"><imc name="CONST" value="12345"/></imc><imc name="ESTMT"><imc name="CONST" value="1"/></imc><imc name="ESTMT"><imc name="CONST" value="0"/></imc><imc name="ESTMT"><imc name="CONST" value="0"/></imc><imc name="ESTMT"><imc name="CONST" value="0"/></imc><imc name="ESTMT"><imc name="CONST" value="98"/></imc><imc name="ESTMT"><imc name="CONST" value="32"/></imc></imc><imc name="CONST" value="0"/></imc></node><location loc="1.1--9.3"/><frame argssize="8" depth="1" label="_f" locssize="0" size="24"/></node><location loc="1.1--9.3"/></node><location loc="1.1--9.3"/></node></imcgen>