<?xml version="1.0" encoding="UTF-8" standalone="no"?><?xml-stylesheet type="text/xsl" href="E:/FRI/PNS/pins-08/pins/data/chunks.xsl"?><chunks><codechunk entrylabel="L10" exitlabel="L11"><frame FP="compiler.data.layout.Temp@22eeefeb" RV="compiler.data.layout.Temp@22eeefeb" argssize="8" depth="1" label="_f" locssize="0" size="24"/><stmt><imc name="LABEL" value="L10"/></stmt><stmt><imc name="MOVE"><imc name="TEMP" value="2"/><imc name="CONST" value="0"/></imc></stmt><stmt><imc name="MOVE"><imc name="TEMP" value="3"/><imc name="CONST" value="0"/></imc></stmt><stmt><imc name="CJUMP" value="L5:L12"><imc name="BINOP" value="EQU"><imc name="TEMP" value="2"/><imc name="TEMP" value="3"/></imc></imc></stmt><stmt><imc name="LABEL" value="L12"/></stmt><stmt><imc name="JUMP" value="L6"/></stmt><stmt><imc name="LABEL" value="L5"/></stmt><stmt><imc name="ESTMT"><imc name="CONST" value="4"/></imc></stmt><stmt><imc name="LABEL" value="L6"/></stmt><stmt><imc name="MOVE"><imc name="TEMP" value="4"/><imc name="CONST" value="0"/></imc></stmt><stmt><imc name="MOVE"><imc name="TEMP" value="5"/><imc name="CONST" value="0"/></imc></stmt><stmt><imc name="CJUMP" value="L7:L13"><imc name="BINOP" value="EQU"><imc name="TEMP" value="4"/><imc name="TEMP" value="5"/></imc></imc></stmt><stmt><imc name="LABEL" value="L13"/></stmt><stmt><imc name="JUMP" value="L8"/></stmt><stmt><imc name="LABEL" value="L7"/></stmt><stmt><imc name="ESTMT"><imc name="CONST" value="4"/></imc></stmt><stmt><imc name="JUMP" value="L9"/></stmt><stmt><imc name="LABEL" value="L8"/></stmt><stmt><imc name="ESTMT"><imc name="CONST" value="4"/></imc></stmt><stmt><imc name="LABEL" value="L9"/></stmt><stmt><imc name="MOVE"><imc name="TEMP" value="6"/><imc name="CONST" value="0"/></imc></stmt><stmt><imc name="MOVE"><imc name="TEMP" value="0"/><imc name="TEMP" value="6"/></imc></stmt><stmt><imc name="JUMP" value="L11"/></stmt></codechunk></chunks>