<?xml version="1.0" encoding="UTF-8" standalone="no"?><?xml-stylesheet type="text/xsl" href="E:/FRI/PNS/pins-07/pins/data/imcgen.xsl"?><imcgen><node label="Source"><node label="Decls"><node label="FunDef" lexeme="f"><node label="ParDecls"><node label="ParDecl" lexeme="a"><node label="AtomType" spec="INT"><location loc="1.9--1.11"/><type label="INT"/></node><location loc="1.7--1.11"/><access depth="2" offset="8" size="8"/></node><node label="ParDecl" lexeme="p"><node label="PtrType"><node label="AtomType" spec="INT"><location loc="1.20--1.22"/><type label="INT"/></node><location loc="1.16--1.22"/><type label="PTR"><type label="INT"/></type></node><location loc="1.14--1.22"/><access depth="2" offset="16" size="8"/></node><location loc="1.7--1.22"/></node><node label="AtomType" spec="INT"><location loc="1.27--1.29"/><type label="INT"/></node><node label="BlockExpr"><node label="Decls"><location loc="0.0--0.0"/></node><node label="Stmts"><node label="ExprStmt"><node label="UnExpr" spec="ADD"><node label="VarName" lexeme="a"><location loc="2.6--2.6"/><declaredAt location="1.7--1.11"/><type label="INT"/><addr/><imc name="MEM"><imc name="BINOP" value="ADD"><imc name="TEMP" value="0"/><imc name="CONST" value="8"/></imc></imc></node><location loc="2.5--2.6"/><type label="INT"/><imc name="UNOP" value="ADD"><imc name="MEM"><imc name="BINOP" value="ADD"><imc name="TEMP" value="0"/><imc name="CONST" value="8"/></imc></imc></imc></node><location loc="2.5--2.6"/><imc name="ESTMT"><imc name="UNOP" value="ADD"><imc name="MEM"><imc name="BINOP" value="ADD"><imc name="TEMP" value="0"/><imc name="CONST" value="8"/></imc></imc></imc></imc></node><node label="ExprStmt"><node label="UnExpr" spec="SUB"><node label="VarName" lexeme="a"><location loc="3.6--3.6"/><declaredAt location="1.7--1.11"/><type label="INT"/><addr/><imc name="MEM"><imc name="BINOP" value="ADD"><imc name="TEMP" value="0"/><imc name="CONST" value="8"/></imc></imc></node><location loc="3.5--3.6"/><type label="INT"/><imc name="UNOP" value="SUB"><imc name="MEM"><imc name="BINOP" value="ADD"><imc name="TEMP" value="0"/><imc name="CONST" value="8"/></imc></imc></imc></node><location loc="3.5--3.6"/><imc name="ESTMT"><imc name="UNOP" value="SUB"><imc name="MEM"><imc name="BINOP" value="ADD"><imc name="TEMP" value="0"/><imc name="CONST" value="8"/></imc></imc></imc></imc></node><node label="ExprStmt"><node label="UnExpr" spec="DATA"><node label="VarName" lexeme="p"><location loc="4.6--4.6"/><declaredAt location="1.14--1.22"/><type label="PTR"><type label="INT"/></type><addr/><imc name="MEM"><imc name="BINOP" value="ADD"><imc name="TEMP" value="0"/><imc name="CONST" value="16"/></imc></imc></node><location loc="4.5--4.6"/><type label="INT"/><addr/><imc name="UNOP" value="DATA"><imc name="MEM"><imc name="BINOP" value="ADD"><imc name="TEMP" value="0"/><imc name="CONST" value="16"/></imc></imc></imc></node><location loc="4.5--4.6"/><imc name="ESTMT"><imc name="UNOP" value="DATA"><imc name="MEM"><imc name="BINOP" value="ADD"><imc name="TEMP" value="0"/><imc name="CONST" value="16"/></imc></imc></imc></imc></node><node label="ExprStmt"><node label="UnExpr" spec="ADDR"><node label="VarName" lexeme="p"><location loc="5.6--5.6"/><declaredAt location="1.14--1.22"/><type label="PTR"><type label="INT"/></type><addr/><imc name="MEM"><imc name="BINOP" value="ADD"><imc name="TEMP" value="0"/><imc name="CONST" value="16"/></imc></imc></node><location loc="5.5--5.6"/><type label="PTR"><type label="PTR"><type label="INT"/></type></type><imc name="UNOP" value="ADDR"><imc name="MEM"><imc name="BINOP" value="ADD"><imc name="TEMP" value="0"/><imc name="CONST" value="16"/></imc></imc></imc></node><location loc="5.5--5.6"/><imc name="ESTMT"><imc name="UNOP" value="ADDR"><imc name="MEM"><imc name="BINOP" value="ADD"><imc name="TEMP" value="0"/><imc name="CONST" value="16"/></imc></imc></imc></imc></node><location loc="2.5--5.6"/></node><node label="AtomExpr" lexeme="0" spec="INT"><location loc="6.3--6.3"/><type label="INT"/><imc name="CONST" value="0"/></node><location loc="1.31--6.3"/><type label="INT"/><imc name="SEXPR"><imc name="STMTS"><imc name="ESTMT"><imc name="UNOP" value="ADD"><imc name="MEM"><imc name="BINOP" value="ADD"><imc name="TEMP" value="0"/><imc name="CONST" value="8"/></imc></imc></imc></imc><imc name="ESTMT"><imc name="UNOP" value="SUB"><imc name="MEM"><imc name="BINOP" value="ADD"><imc name="TEMP" value="0"/><imc name="CONST" value="8"/></imc></imc></imc></imc><imc name="ESTMT"><imc name="UNOP" value="DATA"><imc name="MEM"><imc name="BINOP" value="ADD"><imc name="TEMP" value="0"/><imc name="CONST" value="16"/></imc></imc></imc></imc><imc name="ESTMT"><imc name="UNOP" value="ADDR"><imc name="MEM"><imc name="BINOP" value="ADD"><imc name="TEMP" value="0"/><imc name="CONST" value="16"/></imc></imc></imc></imc></imc><imc name="CONST" value="0"/></imc></node><location loc="1.1--6.3"/><frame argssize="8" depth="1" label="_f" locssize="0" size="24"/></node><location loc="1.1--6.3"/></node><location loc="1.1--6.3"/></node></imcgen>