<?xml version="1.0" encoding="UTF-8" standalone="no"?><?xml-stylesheet type="text/xsl" href="E:/FRI/PNS/pins-08/pins/data/chunks.xsl"?><chunks><codechunk entrylabel="L0" exitlabel="L1"><frame FP="compiler.data.layout.Temp@1fc2b765" RV="compiler.data.layout.Temp@1fc2b765" argssize="8" depth="1" label="_f" locssize="0" size="24"/><stmt><imc name="LABEL" value="L0"/></stmt><stmt><imc name="ESTMT"><imc name="CONST" value="12345"/></imc></stmt><stmt><imc name="ESTMT"><imc name="CONST" value="1"/></imc></stmt><stmt><imc name="ESTMT"><imc name="CONST" value="0"/></imc></stmt><stmt><imc name="ESTMT"><imc name="CONST" value="0"/></imc></stmt><stmt><imc name="ESTMT"><imc name="CONST" value="0"/></imc></stmt><stmt><imc name="ESTMT"><imc name="CONST" value="98"/></imc></stmt><stmt><imc name="ESTMT"><imc name="CONST" value="32"/></imc></stmt><stmt><imc name="MOVE"><imc name="TEMP" value="2"/><imc name="CONST" value="0"/></imc></stmt><stmt><imc name="MOVE"><imc name="TEMP" value="0"/><imc name="TEMP" value="2"/></imc></stmt><stmt><imc name="JUMP" value="L1"/></stmt></codechunk></chunks>