<?xml version="1.0" encoding="UTF-8" standalone="no"?><?xml-stylesheet type="text/xsl" href="E:/FRI/PNS/pins-07/pins/data/imcgen.xsl"?><imcgen><node label="Source"><node label="Decls"><node label="FunDef" lexeme="f"><node label="ParDecls"><node label="ParDecl" lexeme="a"><node label="AtomType" spec="INT"><location loc="1.11--1.13"/><type label="INT"/></node><location loc="1.7--1.13"/><access depth="2" offset="8" size="8"/></node><location loc="1.7--1.13"/></node><node label="AtomType" spec="INT"><location loc="1.18--1.20"/><type label="INT"/></node><node label="BlockExpr"><node label="Decls"><node label="FunDef" lexeme="g"><node label="ParDecls"><node label="ParDecl" lexeme="b"><node label="AtomType" spec="INT"><location loc="4.15--4.17"/><type label="INT"/></node><location loc="4.11--4.17"/><access depth="3" offset="8" size="8"/></node><location loc="4.11--4.17"/></node><node label="AtomType" spec="INT"><location loc="4.22--4.24"/><type label="INT"/></node><node label="BlockExpr"><node label="Decls"><node label="FunDef" lexeme="h"><node label="ParDecls"><node label="ParDecl" lexeme="c"><node label="AtomType" spec="INT"><location loc="8.19--8.21"/><type label="INT"/></node><location loc="8.15--8.21"/><access depth="4" offset="8" size="8"/></node><location loc="8.15--8.21"/></node><node label="AtomType" spec="INT"><location loc="8.26--8.28"/><type label="INT"/></node><node label="BlockExpr"><node label="Decls"><location loc="0.0--0.0"/></node><node label="Stmts"><node label="ExprStmt"><node label="FunName" lexeme="f"><node label="Args"><node label="AtomExpr" lexeme="1" spec="INT"><location loc="9.15--9.15"/><type label="INT"/><imc name="CONST" value="1"/></node><location loc="9.15--0.0"/></node><location loc="9.13--9.16"/><declaredAt location="1.1--12.1"/><type label="INT"/><imc name="CALL" value="_f"><imc name="CONST" value="0"/><imc name="CONST" value="1"/></imc></node><location loc="9.13--9.16"/><imc name="ESTMT"><imc name="CALL" value="_f"><imc name="CONST" value="0"/><imc name="CONST" value="1"/></imc></imc></node><location loc="9.13--9.16"/></node><node label="VarName" lexeme="c"><location loc="10.11--10.11"/><declaredAt location="8.15--8.21"/><type label="INT"/><addr/><imc name="MEM"><imc name="BINOP" value="ADD"><imc name="TEMP" value="0"/><imc name="CONST" value="8"/></imc></imc></node><location loc="8.30--10.11"/><type label="INT"/><imc name="SEXPR"><imc name="STMTS"><imc name="ESTMT"><imc name="CALL" value="_f"><imc name="CONST" value="0"/><imc name="CONST" value="1"/></imc></imc></imc><imc name="MEM"><imc name="BINOP" value="ADD"><imc name="TEMP" value="0"/><imc name="CONST" value="8"/></imc></imc></imc></node><location loc="8.9--10.11"/><frame argssize="16" depth="3" label="L0" locssize="0" size="32"/></node><location loc="8.9--10.11"/></node><node label="Stmts"><node label="ExprStmt"><node label="FunName" lexeme="g"><node label="Args"><node label="AtomExpr" lexeme="1" spec="INT"><location loc="5.11--5.11"/><type label="INT"/><imc name="CONST" value="1"/></node><location loc="5.11--0.0"/></node><location loc="5.9--5.12"/><declaredAt location="4.5--11.5"/><type label="INT"/><imc name="CALL" value="L1"><imc name="TEMP" value="0"/><imc name="CONST" value="1"/></imc></node><location loc="5.9--5.12"/><imc name="ESTMT"><imc name="CALL" value="L1"><imc name="TEMP" value="0"/><imc name="CONST" value="1"/></imc></imc></node><node label="ExprStmt"><node label="FunName" lexeme="f"><node label="Args"><node label="AtomExpr" lexeme="1" spec="INT"><location loc="6.11--6.11"/><type label="INT"/><imc name="CONST" value="1"/></node><location loc="6.11--0.0"/></node><location loc="6.9--6.12"/><declaredAt location="1.1--12.1"/><type label="INT"/><imc name="CALL" value="_f"><imc name="CONST" value="0"/><imc name="CONST" value="1"/></imc></node><location loc="6.9--6.12"/><imc name="ESTMT"><imc name="CALL" value="_f"><imc name="CONST" value="0"/><imc name="CONST" value="1"/></imc></imc></node><location loc="5.9--6.12"/></node><node label="VarName" lexeme="b"><location loc="7.7--7.7"/><declaredAt location="4.11--4.17"/><type label="INT"/><addr/><imc name="MEM"><imc name="BINOP" value="ADD"><imc name="TEMP" value="0"/><imc name="CONST" value="8"/></imc></imc></node><location loc="4.26--11.5"/><type label="INT"/><imc name="SEXPR"><imc name="STMTS"><imc name="ESTMT"><imc name="CALL" value="L1"><imc name="TEMP" value="0"/><imc name="CONST" value="1"/></imc></imc><imc name="ESTMT"><imc name="CALL" value="_f"><imc name="CONST" value="0"/><imc name="CONST" value="1"/></imc></imc></imc><imc name="MEM"><imc name="BINOP" value="ADD"><imc name="TEMP" value="0"/><imc name="CONST" value="8"/></imc></imc></imc></node><location loc="4.5--11.5"/><frame argssize="16" depth="2" label="L1" locssize="0" size="32"/></node><location loc="4.5--11.5"/></node><node label="Stmts"><node label="ExprStmt"><node label="FunName" lexeme="g"><node label="Args"><node label="AtomExpr" lexeme="1" spec="INT"><location loc="2.7--2.7"/><type label="INT"/><imc name="CONST" value="1"/></node><location loc="2.7--0.0"/></node><location loc="2.5--2.8"/><declaredAt location="4.5--11.5"/><type label="INT"/><imc name="CALL" value="L1"><imc name="TEMP" value="0"/><imc name="CONST" value="1"/></imc></node><location loc="2.5--2.8"/><imc name="ESTMT"><imc name="CALL" value="L1"><imc name="TEMP" value="0"/><imc name="CONST" value="1"/></imc></imc></node><location loc="2.5--2.8"/></node><node label="VarName" lexeme="a"><location loc="3.3--3.3"/><declaredAt location="1.7--1.13"/><type label="INT"/><addr/><imc name="MEM"><imc name="BINOP" value="ADD"><imc name="TEMP" value="0"/><imc name="CONST" value="8"/></imc></imc></node><location loc="1.22--12.1"/><type label="INT"/><imc name="SEXPR"><imc name="STMTS"><imc name="ESTMT"><imc name="CALL" value="L1"><imc name="TEMP" value="0"/><imc name="CONST" value="1"/></imc></imc></imc><imc name="MEM"><imc name="BINOP" value="ADD"><imc name="TEMP" value="0"/><imc name="CONST" value="8"/></imc></imc></imc></node><location loc="1.1--12.1"/><frame argssize="16" depth="1" label="_f" locssize="0" size="32"/></node><location loc="1.1--12.1"/></node><location loc="1.1--12.1"/></node></imcgen>