<?xml version="1.0" encoding="UTF-8" standalone="no"?><?xml-stylesheet type="text/xsl" href="E:/FRI/PNS/pins-05/pins/data/seman.xsl"?><seman><node label="Source"><node label="Decls"><node label="VarDecl" lexeme="d"><node label="AtomType" spec="INT"><location loc="1.8--1.10"/><type label="INT"/></node><location loc="1.1--1.10"/></node><node label="VarDecl" lexeme="e"><node label="TypeName" lexeme="c"><location loc="2.8--2.8"/><declaredAt location="41.1--41.11"/><type label="TYPE" name="c"/></node><location loc="2.1--2.8"/></node><node label="VarDecl" lexeme="tab"><node label="TypeName" lexeme="y"><location loc="3.10--3.10"/><declaredAt location="43.1--43.18"/><type label="TYPE" name="y"/></node><location loc="3.1--3.10"/></node><node label="VarDecl" lexeme="tab2"><node label="ArrType"><node label="AtomExpr" lexeme="10" spec="INT"><location loc="4.15--4.16"/><type label="INT"/></node><node label="AtomType" spec="INT"><location loc="4.19--4.21"/><type label="INT"/></node><location loc="4.11--4.21"/><type label="ARR(10)" len="10"><type label="INT"/></type></node><location loc="4.1--4.21"/></node><node label="VarDecl" lexeme="i"><node label="AtomType" spec="CHAR"><location loc="5.8--5.11"/><type label="CHAR"/></node><location loc="5.1--5.11"/></node><node label="VarDecl" lexeme="j"><node label="TypeName" lexeme="z"><location loc="6.8--6.8"/><declaredAt location="44.1--44.12"/><type label="TYPE" name="z"/></node><location loc="6.1--6.8"/></node><node label="FunDef" lexeme="f1"><node label="ParDecls"><node label="ParDecl" lexeme="d"><node label="TypeName" lexeme="a"><location loc="9.12--9.12"/><declaredAt location="39.1--39.8"/><type label="TYPE" name="a"/></node><location loc="9.8--9.12"/></node><node label="ParDecl" lexeme="e"><node label="TypeName" lexeme="c"><location loc="9.19--9.19"/><declaredAt location="41.1--41.11"/><type label="TYPE" name="c"/></node><location loc="9.15--9.19"/></node><location loc="9.8--9.19"/></node><node label="TypeName" lexeme="c"><location loc="9.24--9.24"/><declaredAt location="41.1--41.11"/><type label="TYPE" name="c"/></node><node label="BlockExpr"><node label="Decls"><node label="VarDecl" lexeme="t"><node label="AtomType" spec="INT"><location loc="33.20--33.22"/><type label="INT"/></node><location loc="33.13--33.22"/></node><node label="TypDecl" lexeme="g"><node label="AtomType" spec="CHAR"><location loc="33.31--33.34"/><type label="CHAR"/></node><location loc="33.24--33.34"/><type label="TYPE" name="g"/></node><location loc="33.13--33.34"/></node><node label="Stmts"><node label="AssignStmt"><node label="VarName" lexeme="d"><location loc="10.5--10.5"/><declaredAt location="9.8--9.12"/><type label="TYPE" name="a"/><addr/></node><node label="BinExpr" spec="ADD"><node label="VarName" lexeme="d"><location loc="10.9--10.9"/><declaredAt location="9.8--9.12"/><type label="TYPE" name="a"/><addr/></node><node label="AtomExpr" lexeme="2" spec="INT"><location loc="10.13--10.13"/><type label="INT"/></node><location loc="10.9--10.13"/><type label="INT"/></node><location loc="10.5--10.13"/></node><node label="AssignStmt"><node label="VarName" lexeme="d"><location loc="11.5--11.5"/><declaredAt location="9.8--9.12"/><type label="TYPE" name="a"/><addr/></node><node label="UnExpr" spec="ADD"><node label="BinExpr" spec="MOD"><node label="VarName" lexeme="d"><location loc="11.11--11.11"/><declaredAt location="9.8--9.12"/><type label="TYPE" name="a"/><addr/></node><node label="AtomExpr" lexeme="2" spec="INT"><location loc="11.15--11.15"/><type label="INT"/></node><location loc="11.11--11.15"/><type label="INT"/></node><location loc="11.9--11.16"/><type label="INT"/></node><location loc="11.5--11.16"/></node><node label="ExprStmt"><node label="BinExpr" spec="GEQ"><node label="FunName" lexeme="x"><node label="Args"><node label="AtomExpr" lexeme="13" spec="INT"><location loc="12.7--12.8"/><type label="INT"/></node><node label="VarName" lexeme="j"><location loc="12.11--12.11"/><declaredAt location="6.1--6.8"/><type label="PTR"><type label="TYPE" name="a"/></type><addr/></node><location loc="12.7--0.0"/></node><location loc="12.5--12.12"/><declaredAt location="35.1--35.24"/><type label="TYPE" name="c"/></node><node label="AtomExpr" lexeme="'3'" spec="CHAR"><location loc="12.17--12.19"/><type label="CHAR"/></node><location loc="12.5--12.19"/><type label="BOOL"/></node><location loc="12.5--12.19"/></node><node label="ExprStmt"><node label="CastExpr"><node label="VarName" lexeme="i"><location loc="13.7--13.7"/><declaredAt location="5.1--5.11"/><type label="CHAR"/><addr/></node><node label="TypeName" lexeme="c"><location loc="13.11--13.11"/><declaredAt location="41.1--41.11"/><type label="TYPE" name="c"/></node><location loc="13.7--13.11"/><type label="CHAR"/></node><location loc="13.5--13.13"/></node><node label="AssignStmt"><node label="VarName" lexeme="d"><location loc="14.5--14.5"/><declaredAt location="9.8--9.12"/><type label="TYPE" name="a"/><addr/></node><node label="AtomExpr" lexeme="5" spec="INT"><location loc="14.9--14.9"/><type label="INT"/></node><location loc="14.5--14.9"/></node><node label="AssignStmt"><node label="VarName" lexeme="d"><location loc="15.5--15.5"/><declaredAt location="9.8--9.12"/><type label="TYPE" name="a"/><addr/></node><node label="UnExpr" spec="DATA"><node label="VarName" lexeme="j"><location loc="15.11--15.11"/><declaredAt location="6.1--6.8"/><type label="TYPE" name="z"/><addr/></node><location loc="15.9--15.12"/><type label="TYPE" name="a"/><addr/></node><location loc="15.5--15.12"/></node><node label="ExprStmt"><node label="FunName" lexeme="nicVrne"><node label="Args"><node label="AtomExpr" lexeme="3" spec="INT"><location loc="15.26--15.26"/><type label="INT"/></node><location loc="15.26--0.0"/></node><location loc="15.18--15.27"/><declaredAt location="37.1--37.26"/><type label="VOID"/></node><location loc="15.18--15.27"/></node><node label="AssignStmt"><node label="VarName" lexeme="i"><location loc="16.5--16.5"/><declaredAt location="5.1--5.11"/><type label="CHAR"/><addr/></node><node label="CastExpr"><node label="FunName" lexeme="x"><node label="Args"><node label="AtomExpr" lexeme="3" spec="INT"><location loc="16.12--16.12"/><type label="INT"/></node><node label="VarName" lexeme="j"><location loc="16.15--16.15"/><declaredAt location="6.1--6.8"/><type label="PTR"><type label="TYPE" name="a"/></type><addr/></node><location loc="16.12--0.0"/></node><location loc="16.10--16.16"/><declaredAt location="35.1--35.24"/><type label="TYPE" name="c"/></node><node label="AtomType" spec="CHAR"><location loc="16.20--16.23"/><type label="CHAR"/></node><location loc="16.10--16.23"/><type label="CHAR"/></node><location loc="16.5--16.24"/></node><node label="WhileStmt"><node label="BinExpr" spec="EQU"><node label="VarName" lexeme="d"><location loc="17.11--17.11"/><declaredAt location="9.8--9.12"/><type label="TYPE" name="a"/><addr/></node><node label="BinExpr" spec="ADD"><node label="AtomExpr" lexeme="'2'" spec="CHAR"><location loc="17.17--17.19"/><type label="CHAR"/></node><node label="AtomExpr" lexeme="'3'" spec="CHAR"><location loc="17.23--17.25"/><type label="CHAR"/></node><location loc="17.17--17.25"/><type label="INT"/></node><location loc="17.11--17.26"/><type label="BOOL"/></node><node label="Stmts"><node label="IfStmt"><node label="BinExpr" spec="EQU"><node label="BinExpr" spec="SUB"><node label="AtomExpr" lexeme="5" spec="INT"><location loc="18.18--18.18"/><type label="INT"/></node><node label="AtomExpr" lexeme="2" spec="INT"><location loc="18.22--18.22"/><type label="INT"/></node><location loc="18.18--18.22"/><type label="INT"/></node><node label="AtomExpr" lexeme="3" spec="INT"><location loc="18.28--18.28"/><type label="INT"/></node><location loc="18.18--18.28"/><type label="BOOL"/></node><node label="Stmts"><node label="AssignStmt"><node label="FunName" lexeme="x"><node label="Args"><node label="AtomExpr" lexeme="10" spec="INT"><location loc="19.19--19.20"/><type label="INT"/></node><node label="VarName" lexeme="j"><location loc="19.23--19.23"/><declaredAt location="6.1--6.8"/><type label="PTR"><type label="TYPE" name="a"/></type><addr/></node><location loc="19.19--0.0"/></node><location loc="19.17--19.24"/><declaredAt location="35.1--35.24"/><type label="TYPE" name="c"/></node><node label="AtomExpr" lexeme="'1'" spec="CHAR"><location loc="19.28--19.30"/><type label="CHAR"/></node><location loc="19.17--19.30"/></node><node label="ExprStmt"><node label="FunName" lexeme="nicVrne"><node label="Args"><node label="AtomExpr" lexeme="5" spec="INT"><location loc="20.25--20.25"/><type label="INT"/></node><location loc="20.25--0.0"/></node><location loc="20.17--20.26"/><declaredAt location="37.1--37.26"/><type label="VOID"/></node><location loc="20.17--20.26"/></node><node label="AssignStmt"><node label="VarName" lexeme="d"><location loc="21.17--21.17"/><declaredAt location="9.8--9.12"/><type label="TYPE" name="a"/><addr/></node><node label="BinExpr" spec="ADD"><node label="AtomExpr" lexeme="1" spec="INT"><location loc="21.21--21.21"/><type label="INT"/></node><node label="AtomExpr" lexeme="1" spec="INT"><location loc="21.25--21.25"/><type label="INT"/></node><location loc="21.21--21.25"/><type label="INT"/></node><location loc="21.17--21.25"/></node><location loc="19.17--21.25"/></node><node label="Stmts"><node label="AssignStmt"><node label="VarName" lexeme="e"><location loc="23.17--23.17"/><declaredAt location="9.15--9.19"/><type label="TYPE" name="c"/><addr/></node><node label="FunName" lexeme="x"><node label="Args"><node label="AtomExpr" lexeme="13" spec="INT"><location loc="23.23--23.24"/><type label="INT"/></node><node label="NewExpr"><node label="AtomType" spec="INT"><location loc="23.31--23.33"/><type label="INT"/></node><location loc="23.27--23.34"/><type label="PTR"><type label="INT"/></type></node><location loc="23.23--0.0"/></node><location loc="23.21--23.35"/><declaredAt location="35.1--35.24"/><type label="TYPE" name="c"/></node><location loc="23.17--23.35"/></node><node label="ExprStmt"><node label="FunName" lexeme="nicVrne"><node label="Args"><node label="AtomExpr" lexeme="6" spec="INT"><location loc="24.25--24.25"/><type label="INT"/></node><location loc="24.25--0.0"/></node><location loc="24.17--24.26"/><declaredAt location="37.1--37.26"/><type label="VOID"/></node><location loc="24.17--24.26"/></node><node label="AssignStmt"><node label="VarName" lexeme="e"><location loc="25.17--25.17"/><declaredAt location="9.15--9.19"/><type label="TYPE" name="c"/><addr/></node><node label="AtomExpr" lexeme="'t'" spec="CHAR"><location loc="25.21--25.23"/><type label="CHAR"/></node><location loc="25.17--25.23"/></node><location loc="23.17--25.23"/></node><location loc="18.13--26.15"/></node><location loc="18.13--26.15"/></node><location loc="17.5--27.11"/></node><node label="AssignStmt"><node label="VarName" lexeme="j"><location loc="28.5--28.5"/><declaredAt location="6.1--6.8"/><type label="TYPE" name="z"/><addr/></node><node label="NewExpr"><node label="AtomType" spec="INT"><location loc="28.13--28.15"/><type label="INT"/></node><location loc="28.9--28.16"/><type label="PTR"><type label="INT"/></type></node><location loc="28.5--28.16"/></node><node label="ExprStmt"><node label="DelExpr"><node label="BinExpr" spec="ADD"><node label="VarName" lexeme="i"><location loc="29.9--29.9"/><declaredAt location="5.1--5.11"/><type label="CHAR"/><addr/></node><node label="AtomExpr" lexeme="'c'" spec="CHAR"><location loc="29.13--29.15"/><type label="CHAR"/></node><location loc="29.9--29.15"/><type label="INT"/></node><location loc="29.5--29.16"/><type label="INT"/></node><location loc="29.5--29.16"/></node><node label="AssignStmt"><node label="VarName" lexeme="i"><location loc="30.5--30.5"/><declaredAt location="5.1--5.11"/><type label="CHAR"/><addr/></node><node label="AtomExpr" lexeme="'5'" spec="CHAR"><location loc="30.9--30.11"/><type label="CHAR"/></node><location loc="30.5--30.11"/></node><node label="ExprStmt"><node label="ArrExpr"><node label="VarName" lexeme="tab"><location loc="31.5--31.7"/><declaredAt location="3.1--3.10"/><type label="TYPE" name="y"/><addr/></node><node label="UnExpr" spec="DATA"><node label="VarName" lexeme="j"><location loc="31.10--31.10"/><declaredAt location="6.1--6.8"/><type label="TYPE" name="z"/></node><location loc="31.9--31.10"/><type label="TYPE" name="a"/></node><location loc="31.8--31.11"/><type label="CHAR"/><addr/></node><location loc="31.5--31.11"/></node><node label="AssignStmt"><node label="ArrExpr"><node label="VarName" lexeme="tab2"><location loc="32.5--32.8"/><declaredAt location="4.1--4.21"/><type label="ARR(10)" len="10"><type label="INT"/></type><addr/></node><node label="BinExpr" spec="ADD"><node label="AtomExpr" lexeme="0" spec="INT"><location loc="32.10--32.10"/><type label="INT"/></node><node label="AtomExpr" lexeme="1" spec="INT"><location loc="32.12--32.12"/><type label="INT"/></node><location loc="32.10--32.12"/><type label="INT"/></node><location loc="32.9--32.13"/><type label="INT"/><addr/></node><node label="BinExpr" spec="DIV"><node label="BinExpr" spec="ADD"><node label="AtomExpr" lexeme="3" spec="INT"><location loc="32.18--32.18"/><type label="INT"/></node><node label="AtomExpr" lexeme="4" spec="INT"><location loc="32.22--32.22"/><type label="INT"/></node><location loc="32.18--32.22"/><type label="INT"/></node><node label="AtomExpr" lexeme="2" spec="INT"><location loc="32.27--32.27"/><type label="INT"/></node><location loc="32.18--32.27"/><type label="INT"/></node><location loc="32.5--32.27"/></node><location loc="10.5--32.27"/></node><node label="VarName" lexeme="e"><location loc="33.3--33.3"/><declaredAt location="9.15--9.19"/><type label="TYPE" name="c"/><addr/></node><location loc="9.26--33.36"/><type label="TYPE" name="c"/></node><location loc="9.1--33.36"/></node><node label="FunDecl" lexeme="x"><node label="ParDecls"><node label="ParDecl" lexeme="f"><node label="AtomType" spec="INT"><location loc="35.11--35.13"/><type label="INT"/></node><location loc="35.7--35.13"/></node><node label="ParDecl" lexeme="g"><node label="TypeName" lexeme="z"><location loc="35.20--35.20"/><declaredAt location="44.1--44.12"/><type label="TYPE" name="z"/></node><location loc="35.16--35.20"/></node><location loc="35.7--35.20"/></node><node label="TypeName" lexeme="c"><location loc="35.24--35.24"/><declaredAt location="41.1--41.11"/><type label="TYPE" name="c"/></node><location loc="35.1--35.24"/></node><node label="FunDecl" lexeme="nicVrne"><node label="ParDecls"><node label="ParDecl" lexeme="m"><node label="AtomType" spec="INT"><location loc="37.17--37.19"/><type label="INT"/></node><location loc="37.13--37.19"/></node><location loc="37.13--37.19"/></node><node label="AtomType" spec="VOID"><location loc="37.23--37.26"/><type label="VOID"/></node><location loc="37.1--37.26"/></node><node label="TypDecl" lexeme="a"><node label="TypeName" lexeme="b"><location loc="39.8--39.8"/><declaredAt location="40.1--40.10"/><type label="TYPE" name="b"/></node><location loc="39.1--39.8"/><type label="TYPE" name="a"/></node><node label="TypDecl" lexeme="b"><node label="AtomType" spec="INT"><location loc="40.8--40.10"/><type label="INT"/></node><location loc="40.1--40.10"/><type label="TYPE" name="b"/></node><node label="TypDecl" lexeme="c"><node label="AtomType" spec="CHAR"><location loc="41.8--41.11"/><type label="CHAR"/></node><location loc="41.1--41.11"/><type label="TYPE" name="c"/></node><node label="TypDecl" lexeme="gg"><node label="AtomType" spec="VOID"><location loc="42.9--42.12"/><type label="VOID"/></node><location loc="42.1--42.12"/><type label="TYPE" name="gg"/></node><node label="TypDecl" lexeme="y"><node label="ArrType"><node label="AtomExpr" lexeme="5" spec="INT"><location loc="43.12--43.12"/><type label="INT"/></node><node label="AtomType" spec="CHAR"><location loc="43.15--43.18"/><type label="CHAR"/></node><location loc="43.8--43.18"/><type label="ARR(5)" len="5"><type label="CHAR"/></type></node><location loc="43.1--43.18"/><type label="TYPE" name="y"/></node><node label="TypDecl" lexeme="z"><node label="PtrType"><node label="TypeName" lexeme="a"><location loc="44.12--44.12"/><declaredAt location="39.1--39.8"/><type label="TYPE" name="a"/></node><location loc="44.8--44.12"/><type label="PTR"><type label="TYPE" name="a"/></type></node><location loc="44.1--44.12"/><type label="TYPE" name="z"/></node><location loc="1.1--44.12"/></node><location loc="1.1--44.12"/></node></seman>