<?xml version="1.0" encoding="UTF-8" standalone="no"?><?xml-stylesheet type="text/xsl" href="E:/FRI/PNS/pins-04/pins/data/seman.xsl"?><seman><node label="Source"><node label="Decls"><node label="VarDecl" lexeme="a"><node label="AtomType" spec="INT"><location loc="2.8--2.10"/></node><location loc="2.1--2.10"/></node><node label="VarDecl" lexeme="b"><node label="AtomType" spec="INT"><location loc="3.8--3.10"/></node><location loc="3.1--3.10"/></node><node label="VarDecl" lexeme="c"><node label="AtomType" spec="INT"><location loc="4.8--4.10"/></node><location loc="4.1--4.10"/></node><node label="FunDef" lexeme="f1"><node label="ParDecls"><node label="ParDecl" lexeme="a"><node label="TypeName" lexeme="e"><location loc="6.12--6.12"/><declaredAt location="18.1--18.10"/></node><location loc="6.8--6.12"/></node><node label="ParDecl" lexeme="x"><node label="TypeName" lexeme="f"><location loc="6.19--6.19"/><declaredAt location="19.1--19.8"/></node><location loc="6.15--6.19"/></node><node label="ParDecl" lexeme="c"><node label="TypeName" lexeme="d"><location loc="6.26--6.26"/><declaredAt location="17.1--17.8"/></node><location loc="6.22--6.26"/></node><location loc="6.8--6.26"/></node><node label="TypeName" lexeme="f1"><location loc="6.31--6.32"/><declaredAt location="6.1--15.1"/></node><node label="BlockExpr"><node label="Decls"><node label="VarDecl" lexeme="a"><node label="AtomType" spec="BOOL"><location loc="9.13--9.16"/></node><location loc="9.5--9.16"/></node><node label="VarDecl" lexeme="b"><node label="TypeName" lexeme="b"><location loc="10.13--10.13"/><declaredAt location="10.5--10.13"/></node><location loc="10.5--10.13"/></node><node label="TypDecl" lexeme="e"><node label="AtomType" spec="BOOL"><location loc="11.13--11.16"/></node><location loc="11.5--11.16"/></node><node label="FunDef" lexeme="f1"><node label="ParDecls"><node label="ParDecl" lexeme="i"><node label="TypeName" lexeme="x"><location loc="12.16--12.16"/><declaredAt location="6.15--6.19"/></node><location loc="12.12--12.16"/></node><location loc="12.12--12.16"/></node><node label="TypeName" lexeme="d"><location loc="12.21--12.21"/><declaredAt location="17.1--17.8"/></node><node label="BlockExpr"><node label="Decls"><node label="VarDecl" lexeme="a"><node label="AtomType" spec="INT"><location loc="14.25--14.27"/></node><location loc="14.17--14.27"/></node><location loc="14.17--14.27"/></node><node label="Stmts"><node label="ExprStmt"><node label="BinExpr" spec="ADD"><node label="BinExpr" spec="ADD"><node label="BinExpr" spec="ADD"><node label="BinExpr" spec="ADD"><node label="BinExpr" spec="ADD"><node label="BinExpr" spec="ADD"><node label="BinExpr" spec="ADD"><node label="VarName" lexeme="a"><location loc="13.9--13.9"/><declaredAt location="14.17--14.27"/></node><node label="VarName" lexeme="b"><location loc="13.13--13.13"/><declaredAt location="10.5--10.13"/></node><location loc="13.9--13.38"/></node><node label="VarName" lexeme="c"><location loc="13.17--13.17"/><declaredAt location="6.22--6.26"/></node><location loc="13.9--13.38"/></node><node label="VarName" lexeme="d"><location loc="13.21--13.21"/><declaredAt location="17.1--17.8"/></node><location loc="13.9--13.38"/></node><node label="VarName" lexeme="e"><location loc="13.25--13.25"/><declaredAt location="11.5--11.16"/></node><location loc="13.9--13.38"/></node><node label="VarName" lexeme="f"><location loc="13.29--13.29"/><declaredAt location="19.1--19.8"/></node><location loc="13.9--13.38"/></node><node label="VarName" lexeme="x"><location loc="13.33--13.33"/><declaredAt location="6.15--6.19"/></node><location loc="13.9--13.38"/></node><node label="VarName" lexeme="f1"><location loc="13.37--13.38"/><declaredAt location="12.5--14.29"/></node><location loc="13.9--13.38"/></node><location loc="13.9--13.38"/></node><location loc="13.9--13.38"/></node><node label="VarName" lexeme="a"><location loc="14.7--14.7"/><declaredAt location="14.17--14.27"/></node><location loc="12.23--14.29"/></node><location loc="12.5--14.29"/></node><location loc="9.5--14.29"/></node><node label="Stmts"><node label="ExprStmt"><node label="BinExpr" spec="ADD"><node label="BinExpr" spec="ADD"><node label="BinExpr" spec="ADD"><node label="BinExpr" spec="ADD"><node label="BinExpr" spec="ADD"><node label="BinExpr" spec="ADD"><node label="BinExpr" spec="ADD"><node label="VarName" lexeme="a"><location loc="7.5--7.5"/><declaredAt location="9.5--9.16"/></node><node label="VarName" lexeme="b"><location loc="7.9--7.9"/><declaredAt location="10.5--10.13"/></node><location loc="7.5--7.34"/></node><node label="VarName" lexeme="c"><location loc="7.13--7.13"/><declaredAt location="6.22--6.26"/></node><location loc="7.5--7.34"/></node><node label="VarName" lexeme="d"><location loc="7.17--7.17"/><declaredAt location="17.1--17.8"/></node><location loc="7.5--7.34"/></node><node label="VarName" lexeme="e"><location loc="7.21--7.21"/><declaredAt location="11.5--11.16"/></node><location loc="7.5--7.34"/></node><node label="VarName" lexeme="f"><location loc="7.25--7.25"/><declaredAt location="19.1--19.8"/></node><location loc="7.5--7.34"/></node><node label="VarName" lexeme="x"><location loc="7.29--7.29"/><declaredAt location="6.15--6.19"/></node><location loc="7.5--7.34"/></node><node label="VarName" lexeme="f1"><location loc="7.33--7.34"/><declaredAt location="12.5--14.29"/></node><location loc="7.5--7.34"/></node><location loc="7.5--7.34"/></node><location loc="7.5--7.34"/></node><node label="VarName" lexeme="a"><location loc="8.3--8.3"/><declaredAt location="9.5--9.16"/></node><location loc="6.34--15.1"/></node><location loc="6.1--15.1"/></node><node label="TypDecl" lexeme="d"><node label="TypeName" lexeme="e"><location loc="17.8--17.8"/><declaredAt location="18.1--18.10"/></node><location loc="17.1--17.8"/></node><node label="TypDecl" lexeme="e"><node label="AtomType" spec="INT"><location loc="18.8--18.10"/></node><location loc="18.1--18.10"/></node><node label="TypDecl" lexeme="f"><node label="TypeName" lexeme="e"><location loc="19.8--19.8"/><declaredAt location="18.1--18.10"/></node><location loc="19.1--19.8"/></node><location loc="2.1--19.8"/></node><location loc="2.1--19.8"/></node></seman>