<?xml version="1.0" encoding="UTF-8" standalone="no"?><?xml-stylesheet type="text/xsl" href="E:/FRI/PNS/pins-04/pins/data/seman.xsl"?><seman><node label="Source"><node label="Decls"><node label="VarDecl" lexeme="seznam"><node label="ArrType"><node label="ArrExpr"><node label="CastExpr"><node label="AtomExpr" lexeme="32" spec="INT"><location loc="1.18--1.19"/></node><node label="PtrType"><node label="TypeName" lexeme="stevilo2"><location loc="1.29--1.36"/></node><location loc="1.25--1.36"/></node><location loc="1.18--1.37"/></node><node label="NewExpr"><node label="ArrType"><node label="FunName" lexeme="polje"><node label="Args"><node label="DelExpr"><node label="BinExpr" spec="MUL"><node label="AtomExpr" lexeme="22" spec="INT"><location loc="1.63--1.64"/></node><node label="AtomExpr" lexeme="22" spec="INT"><location loc="1.66--1.67"/></node><location loc="1.63--1.67"/></node><location loc="1.58--1.68"/></node><node label="VarName" lexeme="ime"><location loc="1.71--1.73"/></node><node label="VarName" lexeme="priimek"><location loc="1.76--1.82"/></node><node label="CastExpr"><node label="UnExpr" spec="ADD"><node label="VarName" lexeme="belo"><location loc="1.87--1.90"/></node><location loc="1.86--1.90"/></node><node label="AtomType" spec="BOOL"><location loc="1.94--1.97"/></node><location loc="1.86--1.97"/></node><location loc="1.58--0.0"/></node><location loc="1.50--1.99"/></node><node label="AtomType" spec="VOID"><location loc="1.102--1.105"/></node><location loc="1.45--1.105"/></node><location loc="1.40--1.106"/></node><location loc="1.39--1.107"/></node><node label="AtomType" spec="INT"><location loc="1.110--1.112"/></node><location loc="1.13--1.112"/></node><location loc="1.1--1.112"/></node><node label="VarDecl" lexeme="r1"><node label="AtomType" spec="INT"><location loc="3.9--3.11"/></node><location loc="3.1--3.11"/></node><node label="VarDecl" lexeme="r2"><node label="AtomType" spec="INT"><location loc="4.9--4.11"/></node><location loc="4.1--4.11"/></node><node label="VarDecl" lexeme="count"><node label="AtomType" spec="INT"><location loc="5.12--5.14"/></node><location loc="5.1--5.14"/></node><node label="FunDef" lexeme="fibb"><node label="ParDecls"><node label="ParDecl" lexeme="n"><node label="AtomType" spec="INT"><location loc="7.13--7.15"/></node><location loc="7.11--7.15"/></node><node label="ParDecl" lexeme="x"><node label="AtomType" spec="BOOL"><location loc="7.22--7.25"/></node><location loc="7.19--7.25"/></node><location loc="7.11--7.25"/></node><node label="AtomType" spec="INT"><location loc="7.30--7.32"/></node><node label="BlockExpr"><node label="Decls"><node label="TypDecl" lexeme="x"><node label="TypeName" lexeme="x"><location loc="18.21--18.21"/></node><location loc="18.13--18.21"/></node><location loc="18.13--18.21"/></node><node label="Stmts"><node label="AssignStmt"><node label="VarName" lexeme="count"><location loc="8.5--8.9"/></node><node label="VarName" lexeme="n"><location loc="8.13--8.13"/></node><location loc="8.5--8.13"/></node><node label="AssignStmt"><node label="VarName" lexeme="res"><location loc="9.5--9.7"/></node><node label="BinExpr" spec="ADD"><node label="BinExpr" spec="ADD"><node label="BinExpr" spec="ADD"><node label="BinExpr" spec="ADD"><node label="UnExpr" spec="SUB"><node label="AtomExpr" lexeme="1" spec="INT"><location loc="9.12--9.12"/></node><location loc="9.11--9.12"/></node><node label="AtomExpr" lexeme="0" spec="INT"><location loc="9.14--9.14"/></node><location loc="9.11--9.22"/></node><node label="AtomExpr" lexeme="0" spec="INT"><location loc="9.16--9.16"/></node><location loc="9.11--9.22"/></node><node label="AtomExpr" lexeme="0" spec="INT"><location loc="9.18--9.18"/></node><location loc="9.11--9.22"/></node><node label="AtomExpr" lexeme="2" spec="INT"><location loc="9.22--9.22"/></node><location loc="9.11--9.22"/></node><location loc="9.5--9.22"/></node><node label="WhileStmt"><node label="BinExpr" spec="GTH"><node label="VarName" lexeme="count"><location loc="10.11--10.15"/></node><node label="AtomExpr" lexeme="2" spec="INT"><location loc="10.19--10.19"/></node><location loc="10.11--10.19"/></node><node label="Stmts"><node label="IfStmt"><node label="BinExpr" spec="EQU"><node label="BinExpr" spec="MOD"><node label="VarName" lexeme="count"><location loc="11.12--11.16"/></node><node label="AtomExpr" lexeme="2" spec="INT"><location loc="11.20--11.20"/></node><location loc="11.12--11.20"/></node><node label="AtomExpr" lexeme="0" spec="INT"><location loc="11.25--11.25"/></node><location loc="11.12--11.25"/></node><node label="Stmts"><node label="AssignStmt"><node label="VarName" lexeme="r1"><location loc="13.13--13.14"/></node><node label="BinExpr" spec="ADD"><node label="VarName" lexeme="r1"><location loc="13.18--13.19"/></node><node label="VarName" lexeme="r2"><location loc="13.23--13.24"/></node><location loc="13.18--13.24"/></node><location loc="13.13--13.24"/></node><location loc="13.13--13.24"/></node><node label="Stmts"><node label="AssignStmt"><node label="VarName" lexeme="r2"><location loc="15.13--15.14"/></node><node label="BinExpr" spec="ADD"><node label="VarName" lexeme="r1"><location loc="15.18--15.19"/></node><node label="VarName" lexeme="r2"><location loc="15.23--15.24"/></node><location loc="15.18--15.24"/></node><location loc="15.13--15.24"/></node><location loc="15.13--15.24"/></node><location loc="11.9--16.11"/></node><location loc="11.9--16.11"/></node><location loc="10.5--17.7"/></node><location loc="8.5--17.7"/></node><node label="VarName" lexeme="x"><location loc="18.3--18.3"/></node><location loc="7.34--18.23"/></node><location loc="7.1--18.23"/></node><location loc="1.1--18.23"/></node><location loc="1.1--18.23"/></node></seman>