<?xml version="1.0" encoding="UTF-8" standalone="no"?><?xml-stylesheet type="text/xsl" href="E:/pins/data/lexan.xsl"?><lexan><term lexeme="/" token="DIV"><location loc="1.2--1.2"/></term><term lexeme="*" token="MUL"><location loc="1.3--1.3"/></term><term lexeme="*" token="MUL"><location loc="1.4--1.4"/></term><term lexeme="*" token="MUL"><location loc="2.2--2.2"/></term><term lexeme="@" token="DATA"><location loc="2.4--2.4"/></term><term lexeme="author" token="IDENTIFIER"><location loc="2.5--2.10"/></term><term lexeme="sliva" token="IDENTIFIER"><location loc="2.12--2.16"/></term><term lexeme="*" token="MUL"><location loc="3.2--3.2"/></term><term lexeme="/" token="DIV"><location loc="3.3--3.3"/></term><term lexeme="package" token="IDENTIFIER"><location loc="4.1--4.7"/></term><term lexeme="compilerphaseslexan" token="IDENTIFIER"><location loc="4.9--4.27"/></term><term lexeme=";" token="SEMIC"><location loc="4.28--4.28"/></term><term lexeme="'''" token="CHARCONST"><location loc="5.1--5.3"/></term><term lexeme="1" token="INTCONST"><location loc="6.1--6.1"/></term><term lexeme="x" token="IDENTIFIER"><location loc="6.2--6.2"/></term><term lexeme="import" token="IDENTIFIER"><location loc="7.1--7.6"/></term><term lexeme="javaio" token="IDENTIFIER"><location loc="7.8--7.13"/></term><term lexeme="*" token="MUL"><location loc="7.14--7.14"/></term><term lexeme=";" token="SEMIC"><location loc="7.15--7.15"/></term><term lexeme="import" token="IDENTIFIER"><location loc="8.1--8.6"/></term><term lexeme="javautilArrayList" token="IDENTIFIER"><location loc="8.8--8.24"/></term><term lexeme=";" token="SEMIC"><location loc="8.25--8.25"/></term><term lexeme="import" token="IDENTIFIER"><location loc="9.1--9.6"/></term><term lexeme="javautilArrays" token="IDENTIFIER"><location loc="9.8--9.21"/></term><term lexeme=";" token="SEMIC"><location loc="9.22--9.22"/></term><term lexeme="import" token="IDENTIFIER"><location loc="10.1--10.6"/></term><term lexeme="javautilQueue" token="IDENTIFIER"><location loc="10.8--10.20"/></term><term lexeme=";" token="SEMIC"><location loc="10.21--10.21"/></term><term lexeme="import" token="IDENTIFIER"><location loc="12.1--12.6"/></term><term lexeme="compilercommonreport" token="IDENTIFIER"><location loc="12.8--12.27"/></term><term lexeme="*" token="MUL"><location loc="12.28--12.28"/></term><term lexeme=";" token="SEMIC"><location loc="12.29--12.29"/></term><term lexeme="import" token="IDENTIFIER"><location loc="13.1--13.6"/></term><term lexeme="compilerdatasymbol" token="IDENTIFIER"><location loc="13.8--13.25"/></term><term lexeme="*" token="MUL"><location loc="13.26--13.26"/></term><term lexeme=";" token="SEMIC"><location loc="13.27--13.27"/></term><term lexeme="import" token="IDENTIFIER"><location loc="14.1--14.6"/></term><term lexeme="compilerphases" token="IDENTIFIER"><location loc="14.8--14.21"/></term><term lexeme="*" token="MUL"><location loc="14.22--14.22"/></term><term lexeme=";" token="SEMIC"><location loc="14.23--14.23"/></term><term lexeme="/" token="DIV"><location loc="16.1--16.1"/></term><term lexeme="*" token="MUL"><location loc="16.2--16.2"/></term><term lexeme="*" token="MUL"><location loc="16.3--16.3"/></term><term lexeme="*" token="MUL"><location loc="17.2--17.2"/></term><term lexeme="Lexical" token="IDENTIFIER"><location loc="17.4--17.10"/></term><term lexeme="analysis" token="IDENTIFIER"><location loc="17.12--17.19"/></term><term lexeme="*" token="MUL"><location loc="18.2--18.2"/></term><term lexeme="*" token="MUL"><location loc="19.2--19.2"/></term><term lexeme="@" token="DATA"><location loc="19.4--19.4"/></term><term lexeme="author" token="IDENTIFIER"><location loc="19.5--19.10"/></term><term lexeme="sliva" token="IDENTIFIER"><location loc="19.12--19.16"/></term><term lexeme="*" token="MUL"><location loc="20.2--20.2"/></term><term lexeme="/" token="DIV"><location loc="20.3--20.3"/></term><term lexeme="public" token="IDENTIFIER"><location loc="21.1--21.6"/></term><term lexeme="class" token="IDENTIFIER"><location loc="21.8--21.12"/></term><term lexeme="LexAn" token="IDENTIFIER"><location loc="21.14--21.18"/></term><term lexeme="extends" token="IDENTIFIER"><location loc="21.20--21.26"/></term><term lexeme="Phase" token="IDENTIFIER"><location loc="21.28--21.32"/></term><term lexeme="{" token="LBRACE"><location loc="21.34--21.34"/></term><term lexeme="/" token="DIV"><location loc="23.5--23.5"/></term><term lexeme="*" token="MUL"><location loc="23.6--23.6"/></term><term lexeme="*" token="MUL"><location loc="23.7--23.7"/></term><term lexeme="The" token="IDENTIFIER"><location loc="23.9--23.11"/></term><term lexeme="name" token="IDENTIFIER"><location loc="23.13--23.16"/></term><term lexeme="of" token="IDENTIFIER"><location loc="23.18--23.19"/></term><term lexeme="the" token="IDENTIFIER"><location loc="23.21--23.23"/></term><term lexeme="source" token="IDENTIFIER"><location loc="23.25--23.30"/></term><term lexeme="file" token="IDENTIFIER"><location loc="23.32--23.35"/></term><term lexeme="*" token="MUL"><location loc="23.37--23.37"/></term><term lexeme="/" token="DIV"><location loc="23.38--23.38"/></term><term lexeme="private" token="IDENTIFIER"><location loc="24.5--24.11"/></term><term lexeme="final" token="IDENTIFIER"><location loc="24.13--24.17"/></term><term lexeme="String" token="IDENTIFIER"><location loc="24.19--24.24"/></term><term lexeme="srcFileName" token="IDENTIFIER"><location loc="24.26--24.36"/></term><term lexeme=";" token="SEMIC"><location loc="24.37--24.37"/></term><term lexeme="/" token="DIV"><location loc="26.5--26.5"/></term><term lexeme="*" token="MUL"><location loc="26.6--26.6"/></term><term lexeme="*" token="MUL"><location loc="26.7--26.7"/></term><term lexeme="The" token="IDENTIFIER"><location loc="26.9--26.11"/></term><term lexeme="source" token="IDENTIFIER"><location loc="26.13--26.18"/></term><term lexeme="file" token="IDENTIFIER"><location loc="26.20--26.23"/></term><term lexeme="reader" token="IDENTIFIER"><location loc="26.25--26.30"/></term><term lexeme="*" token="MUL"><location loc="26.32--26.32"/></term><term lexeme="/" token="DIV"><location loc="26.33--26.33"/></term><term lexeme="private" token="IDENTIFIER"><location loc="27.5--27.11"/></term><term lexeme="final" token="IDENTIFIER"><location loc="27.13--27.17"/></term><term lexeme="BufferedReader" token="IDENTIFIER"><location loc="27.19--27.32"/></term><term lexeme="srcFile" token="IDENTIFIER"><location loc="27.34--27.40"/></term><term lexeme=";" token="SEMIC"><location loc="27.41--27.41"/></term><term lexeme="private" token="IDENTIFIER"><location loc="29.5--29.11"/></term><term lexeme="int" token="INT"><location loc="29.13--29.15"/></term><term lexeme="rLocation" token="IDENTIFIER"><location loc="29.17--29.25"/></term><term lexeme="=" token="ASSIGN"><location loc="29.27--29.27"/></term><term lexeme="1" token="INTCONST"><location loc="29.29--29.29"/></term><term lexeme=";" token="SEMIC"><location loc="29.30--29.30"/></term><term lexeme="private" token="IDENTIFIER"><location loc="30.5--30.11"/></term><term lexeme="int" token="INT"><location loc="30.13--30.15"/></term><term lexeme="srLocation" token="IDENTIFIER"><location loc="30.17--30.26"/></term><term lexeme="=" token="ASSIGN"><location loc="30.28--30.28"/></term><term lexeme="1" token="INTCONST"><location loc="30.30--30.30"/></term><term lexeme=";" token="SEMIC"><location loc="30.31--30.31"/></term><term lexeme="private" token="IDENTIFIER"><location loc="31.5--31.11"/></term><term lexeme="int" token="INT"><location loc="31.13--31.15"/></term><term lexeme="scLocation" token="IDENTIFIER"><location loc="31.17--31.26"/></term><term lexeme="=" token="ASSIGN"><location loc="31.28--31.28"/></term><term lexeme="1" token="INTCONST"><location loc="31.30--31.30"/></term><term lexeme=";" token="SEMIC"><location loc="31.31--31.31"/></term><term lexeme="private" token="IDENTIFIER"><location loc="32.5--32.11"/></term><term lexeme="int" token="INT"><location loc="32.13--32.15"/></term><term lexeme="erLocation" token="IDENTIFIER"><location loc="32.17--32.26"/></term><term lexeme="=" token="ASSIGN"><location loc="32.28--32.28"/></term><term lexeme="1" token="INTCONST"><location loc="32.30--32.30"/></term><term lexeme=";" token="SEMIC"><location loc="32.31--32.31"/></term><term lexeme="private" token="IDENTIFIER"><location loc="33.5--33.11"/></term><term lexeme="int" token="INT"><location loc="33.13--33.15"/></term><term lexeme="ecLocation" token="IDENTIFIER"><location loc="33.17--33.26"/></term><term lexeme="=" token="ASSIGN"><location loc="33.28--33.28"/></term><term lexeme="1" token="INTCONST"><location loc="33.30--33.30"/></term><term lexeme=";" token="SEMIC"><location loc="33.31--33.31"/></term><term lexeme="private" token="IDENTIFIER"><location loc="34.5--34.11"/></term><term lexeme="int" token="INT"><location loc="34.13--34.15"/></term><term lexeme="cLocation" token="IDENTIFIER"><location loc="34.17--34.25"/></term><term lexeme="=" token="ASSIGN"><location loc="34.27--34.27"/></term><term lexeme="1" token="INTCONST"><location loc="34.29--34.29"/></term><term lexeme=";" token="SEMIC"><location loc="34.30--34.30"/></term><term lexeme="/" token="DIV"><location loc="36.5--36.5"/></term><term lexeme="*" token="MUL"><location loc="36.6--36.6"/></term><term lexeme="*" token="MUL"><location loc="36.7--36.7"/></term><term lexeme="*" token="MUL"><location loc="37.6--37.6"/></term><term lexeme="Constructs" token="IDENTIFIER"><location loc="37.8--37.17"/></term><term lexeme="a" token="IDENTIFIER"><location loc="37.19--37.19"/></term><term lexeme="new" token="NEW"><location loc="37.21--37.23"/></term><term lexeme="phase" token="IDENTIFIER"><location loc="37.25--37.29"/></term><term lexeme="of" token="IDENTIFIER"><location loc="37.31--37.32"/></term><term lexeme="lexical" token="IDENTIFIER"><location loc="37.34--37.40"/></term><term lexeme="analysis" token="IDENTIFIER"><location loc="37.42--37.49"/></term><term lexeme="*" token="MUL"><location loc="38.6--38.6"/></term><term lexeme="/" token="DIV"><location loc="38.7--38.7"/></term><term lexeme="public" token="IDENTIFIER"><location loc="39.5--39.10"/></term><term lexeme="LexAn" token="IDENTIFIER"><location loc="39.12--39.16"/></term><term lexeme="(" token="LPARENTHESIS"><location loc="39.17--39.17"/></term><term lexeme=")" token="RPARENTHESIS"><location loc="39.18--39.18"/></term><term lexeme="{" token="LBRACE"><location loc="39.20--39.20"/></term></lexan>