<?xml version="1.0" encoding="UTF-8" standalone="no"?><?xml-stylesheet type="text/xsl" href="E:/FRI/PNS/pins-07/pins/data/imcgen.xsl"?><imcgen><node label="Source"><node label="Decls"><node label="VarDecl" lexeme="arr2d"><node label="ArrType"><node label="AtomExpr" lexeme="10" spec="INT"><location loc="1.17--1.18"/><type label="INT"/><imc name="CONST" value="10"/></node><node label="ArrType"><node label="AtomExpr" lexeme="10" spec="INT"><location loc="1.25--1.26"/><type label="INT"/><imc name="CONST" value="10"/></node><node label="AtomType" spec="INT"><location loc="1.29--1.31"/><type label="INT"/></node><location loc="1.21--1.31"/><type label="ARR(10)" len="10"><type label="INT"/></type></node><location loc="1.13--1.31"/><type label="ARR(10)" len="10"><type label="ARR(10)" len="10"><type label="INT"/></type></type></node><location loc="1.1--1.31"/><access label="_arr2d" size="800"/></node><node label="FunDef" lexeme="testArr2d"><node label="ParDecls"><node label="ParDecl" lexeme="c"><node label="AtomType" spec="INT"><location loc="2.17--2.19"/><type label="INT"/></node><location loc="2.15--2.19"/><access depth="2" offset="8" size="8"/></node><node label="ParDecl" lexeme="c2"><node label="AtomType" spec="INT"><location loc="2.25--2.27"/><type label="INT"/></node><location loc="2.22--2.27"/><access depth="2" offset="16" size="8"/></node><location loc="2.15--2.27"/></node><node label="AtomType" spec="INT"><location loc="2.32--2.34"/><type label="INT"/></node><node label="BlockExpr"><node label="Decls"><location loc="0.0--0.0"/></node><node label="Stmts"><node label="AssignStmt"><node label="VarName" lexeme="c"><location loc="3.5--3.5"/><declaredAt location="2.15--2.19"/><type label="INT"/><addr/><imc name="MEM"><imc name="BINOP" value="ADD"><imc name="TEMP" value="0"/><imc name="CONST" value="8"/></imc></imc></node><node label="AtomExpr" lexeme="3" spec="INT"><location loc="3.9--3.9"/><type label="INT"/><imc name="CONST" value="3"/></node><location loc="3.5--3.9"/><imc name="MOVE"><imc name="MEM"><imc name="BINOP" value="ADD"><imc name="TEMP" value="0"/><imc name="CONST" value="8"/></imc></imc><imc name="CONST" value="3"/></imc></node><node label="AssignStmt"><node label="VarName" lexeme="c2"><location loc="4.5--4.6"/><declaredAt location="2.22--2.27"/><type label="INT"/><addr/><imc name="MEM"><imc name="BINOP" value="ADD"><imc name="TEMP" value="0"/><imc name="CONST" value="16"/></imc></imc></node><node label="AtomExpr" lexeme="5" spec="INT"><location loc="4.10--4.10"/><type label="INT"/><imc name="CONST" value="5"/></node><location loc="4.5--4.10"/><imc name="MOVE"><imc name="MEM"><imc name="BINOP" value="ADD"><imc name="TEMP" value="0"/><imc name="CONST" value="16"/></imc></imc><imc name="CONST" value="5"/></imc></node><location loc="3.5--4.10"/></node><node label="ArrExpr"><node label="ArrExpr"><node label="VarName" lexeme="arr2d"><location loc="5.3--5.7"/><declaredAt location="1.1--1.31"/><type label="ARR(10)" len="10"><type label="ARR(10)" len="10"><type label="INT"/></type></type><addr/><imc name="MEM"><imc name="NAME" value="_arr2d"/></imc></node><node label="AtomExpr" lexeme="2" spec="INT"><location loc="5.9--5.9"/><type label="INT"/><imc name="CONST" value="2"/></node><location loc="5.8--5.13"/><type label="ARR(10)" len="10"><type label="INT"/></type><addr/><imc name="MEM"><imc name="BINOP" value="ADD"><imc name="NAME" value="_arr2d"/><imc name="BINOP" value="MUL"><imc name="CONST" value="2"/><imc name="CONST" value="80"/></imc></imc></imc></node><node label="AtomExpr" lexeme="3" spec="INT"><location loc="5.12--5.12"/><type label="INT"/><imc name="CONST" value="3"/></node><location loc="5.11--5.13"/><type label="INT"/><addr/><imc name="MEM"><imc name="BINOP" value="ADD"><imc name="BINOP" value="ADD"><imc name="NAME" value="_arr2d"/><imc name="BINOP" value="MUL"><imc name="CONST" value="2"/><imc name="CONST" value="80"/></imc></imc><imc name="BINOP" value="MUL"><imc name="CONST" value="3"/><imc name="CONST" value="8"/></imc></imc></imc></node><location loc="2.36--5.13"/><type label="INT"/></node><location loc="2.1--5.13"/><frame argssize="8" depth="1" label="_testArr2d" locssize="0" size="24"/></node><location loc="1.1--5.13"/></node><location loc="1.1--5.13"/></node></imcgen>