<?xml version="1.0" encoding="UTF-8" standalone="no"?><?xml-stylesheet type="text/xsl" href="E:/FRI/PNS/pins-07/pins/data/imcgen.xsl"?><imcgen><node label="Source"><node label="Decls"><node label="VarDecl" lexeme="a"><node label="AtomType" spec="INT"><location loc="1.9--1.11"/><type label="INT"/></node><location loc="1.1--1.11"/><access label="_a" size="8"/></node><node label="VarDecl" lexeme="p"><node label="AtomType" spec="INT"><location loc="2.9--2.11"/><type label="INT"/></node><location loc="2.1--2.11"/><access label="_p" size="8"/></node><node label="VarDecl" lexeme="b"><node label="AtomType" spec="BOOL"><location loc="3.9--3.12"/><type label="BOOL"/></node><location loc="3.1--3.12"/><access label="_b" size="8"/></node><node label="VarDecl" lexeme="c"><node label="AtomType" spec="CHAR"><location loc="4.9--4.12"/><type label="CHAR"/></node><location loc="4.1--4.12"/><access label="_c" size="8"/></node><node label="FunDef" lexeme="main"><node label="ParDecls"><node label="ParDecl" lexeme="x"><node label="AtomType" spec="INT"><location loc="6.12--6.14"/><type label="INT"/></node><location loc="6.10--6.14"/><access depth="2" offset="8" size="8"/></node><location loc="6.10--6.14"/></node><node label="AtomType" spec="INT"><location loc="6.19--6.21"/><type label="INT"/></node><node label="BlockExpr"><node label="Decls"><location loc="0.0--0.0"/></node><node label="Stmts"><node label="AssignStmt"><node label="VarName" lexeme="a"><location loc="7.5--7.5"/><declaredAt location="1.1--1.11"/><type label="INT"/><addr/><imc name="MEM"><imc name="NAME" value="_a"/></imc></node><node label="BinExpr" spec="ADD"><node label="VarName" lexeme="a"><location loc="7.9--7.9"/><declaredAt location="1.1--1.11"/><type label="INT"/><addr/><imc name="MEM"><imc name="NAME" value="_a"/></imc></node><node label="AtomExpr" lexeme="1" spec="INT"><location loc="7.13--7.13"/><type label="INT"/><imc name="CONST" value="1"/></node><location loc="7.9--7.13"/><type label="INT"/><imc name="BINOP" value="ADD"><imc name="MEM"><imc name="NAME" value="_a"/></imc><imc name="CONST" value="1"/></imc></node><location loc="7.5--7.13"/><imc name="MOVE"><imc name="MEM"><imc name="NAME" value="_a"/></imc><imc name="BINOP" value="ADD"><imc name="MEM"><imc name="NAME" value="_a"/></imc><imc name="CONST" value="1"/></imc></imc></node><node label="AssignStmt"><node label="VarName" lexeme="b"><location loc="8.5--8.5"/><declaredAt location="3.1--3.12"/><type label="BOOL"/><addr/><imc name="MEM"><imc name="NAME" value="_b"/></imc></node><node label="AtomExpr" lexeme="false" spec="BOOL"><location loc="8.9--8.13"/><type label="BOOL"/><imc name="CONST" value="0"/></node><location loc="8.5--8.13"/><imc name="MOVE"><imc name="MEM"><imc name="NAME" value="_b"/></imc><imc name="CONST" value="0"/></imc></node><node label="AssignStmt"><node label="VarName" lexeme="c"><location loc="9.5--9.5"/><declaredAt location="4.1--4.12"/><type label="CHAR"/><addr/><imc name="MEM"><imc name="NAME" value="_c"/></imc></node><node label="AtomExpr" lexeme="'A'" spec="CHAR"><location loc="9.7--9.9"/><type label="CHAR"/><imc name="CONST" value="65"/></node><location loc="9.5--9.9"/><imc name="MOVE"><imc name="MEM"><imc name="NAME" value="_c"/></imc><imc name="CONST" value="65"/></imc></node><node label="WhileStmt"><node label="BinExpr" spec="GTH"><node label="VarName" lexeme="a"><location loc="10.11--10.11"/><declaredAt location="1.1--1.11"/><type label="INT"/><addr/><imc name="MEM"><imc name="NAME" value="_a"/></imc></node><node label="AtomExpr" lexeme="3" spec="INT"><location loc="10.15--10.15"/><type label="INT"/><imc name="CONST" value="3"/></node><location loc="10.11--10.15"/><type label="BOOL"/><imc name="BINOP" value="GTH"><imc name="MEM"><imc name="NAME" value="_a"/></imc><imc name="CONST" value="3"/></imc></node><node label="Stmts"><node label="IfStmt"><node label="BinExpr" spec="EQU"><node label="BinExpr" spec="MOD"><node label="AtomExpr" lexeme="3" spec="INT"><location loc="11.16--11.16"/><type label="INT"/><imc name="CONST" value="3"/></node><node label="AtomExpr" lexeme="2" spec="INT"><location loc="11.20--11.20"/><type label="INT"/><imc name="CONST" value="2"/></node><location loc="11.16--11.20"/><type label="INT"/><imc name="BINOP" value="MOD"><imc name="CONST" value="3"/><imc name="CONST" value="2"/></imc></node><node label="AtomExpr" lexeme="0" spec="INT"><location loc="11.25--11.25"/><type label="INT"/><imc name="CONST" value="0"/></node><location loc="11.16--11.25"/><type label="BOOL"/><imc name="BINOP" value="EQU"><imc name="BINOP" value="MOD"><imc name="CONST" value="3"/><imc name="CONST" value="2"/></imc><imc name="CONST" value="0"/></imc></node><node label="Stmts"><node label="AssignStmt"><node label="VarName" lexeme="p"><location loc="13.17--13.17"/><declaredAt location="2.1--2.11"/><type label="INT"/><addr/><imc name="MEM"><imc name="NAME" value="_p"/></imc></node><node label="BinExpr" spec="MUL"><node label="VarName" lexeme="a"><location loc="13.21--13.21"/><declaredAt location="1.1--1.11"/><type label="INT"/><addr/><imc name="MEM"><imc name="NAME" value="_a"/></imc></node><node label="VarName" lexeme="a"><location loc="13.25--13.25"/><declaredAt location="1.1--1.11"/><type label="INT"/><addr/><imc name="MEM"><imc name="NAME" value="_a"/></imc></node><location loc="13.21--13.25"/><type label="INT"/><imc name="BINOP" value="MUL"><imc name="MEM"><imc name="NAME" value="_a"/></imc><imc name="MEM"><imc name="NAME" value="_a"/></imc></imc></node><location loc="13.17--13.25"/><imc name="MOVE"><imc name="MEM"><imc name="NAME" value="_p"/></imc><imc name="BINOP" value="MUL"><imc name="MEM"><imc name="NAME" value="_a"/></imc><imc name="MEM"><imc name="NAME" value="_a"/></imc></imc></imc></node><location loc="13.17--13.25"/></node><node label="Stmts"><node label="AssignStmt"><node label="VarName" lexeme="p"><location loc="15.17--15.17"/><declaredAt location="2.1--2.11"/><type label="INT"/><addr/><imc name="MEM"><imc name="NAME" value="_p"/></imc></node><node label="BinExpr" spec="SUB"><node label="VarName" lexeme="a"><location loc="15.21--15.21"/><declaredAt location="1.1--1.11"/><type label="INT"/><addr/><imc name="MEM"><imc name="NAME" value="_a"/></imc></node><node label="VarName" lexeme="a"><location loc="15.25--15.25"/><declaredAt location="1.1--1.11"/><type label="INT"/><addr/><imc name="MEM"><imc name="NAME" value="_a"/></imc></node><location loc="15.21--15.25"/><type label="INT"/><imc name="BINOP" value="SUB"><imc name="MEM"><imc name="NAME" value="_a"/></imc><imc name="MEM"><imc name="NAME" value="_a"/></imc></imc></node><location loc="15.17--15.25"/><imc name="MOVE"><imc name="MEM"><imc name="NAME" value="_p"/></imc><imc name="BINOP" value="SUB"><imc name="MEM"><imc name="NAME" value="_a"/></imc><imc name="MEM"><imc name="NAME" value="_a"/></imc></imc></imc></node><location loc="15.17--15.25"/></node><location loc="11.13--16.15"/><imc name="STMTS"><imc name="CJUMP" value="L0:L1"><imc name="BINOP" value="EQU"><imc name="BINOP" value="MOD"><imc name="CONST" value="3"/><imc name="CONST" value="2"/></imc><imc name="CONST" value="0"/></imc></imc><imc name="LABEL" value="L0"/><imc name="MOVE"><imc name="MEM"><imc name="NAME" value="_p"/></imc><imc name="BINOP" value="MUL"><imc name="MEM"><imc name="NAME" value="_a"/></imc><imc name="MEM"><imc name="NAME" value="_a"/></imc></imc></imc><imc name="JUMP" value="L2"/><imc name="LABEL" value="L1"/><imc name="MOVE"><imc name="MEM"><imc name="NAME" value="_p"/></imc><imc name="BINOP" value="SUB"><imc name="MEM"><imc name="NAME" value="_a"/></imc><imc name="MEM"><imc name="NAME" value="_a"/></imc></imc></imc><imc name="LABEL" value="L2"/></imc></node><location loc="11.13--16.15"/></node><location loc="10.5--17.11"/><imc name="STMTS"><imc name="LABEL" value="L3"/><imc name="CJUMP" value="L4:L5"><imc name="BINOP" value="GTH"><imc name="MEM"><imc name="NAME" value="_a"/></imc><imc name="CONST" value="3"/></imc></imc><imc name="LABEL" value="L4"/><imc name="STMTS"><imc name="CJUMP" value="L0:L1"><imc name="BINOP" value="EQU"><imc name="BINOP" value="MOD"><imc name="CONST" value="3"/><imc name="CONST" value="2"/></imc><imc name="CONST" value="0"/></imc></imc><imc name="LABEL" value="L0"/><imc name="MOVE"><imc name="MEM"><imc name="NAME" value="_p"/></imc><imc name="BINOP" value="MUL"><imc name="MEM"><imc name="NAME" value="_a"/></imc><imc name="MEM"><imc name="NAME" value="_a"/></imc></imc></imc><imc name="JUMP" value="L2"/><imc name="LABEL" value="L1"/><imc name="MOVE"><imc name="MEM"><imc name="NAME" value="_p"/></imc><imc name="BINOP" value="SUB"><imc name="MEM"><imc name="NAME" value="_a"/></imc><imc name="MEM"><imc name="NAME" value="_a"/></imc></imc></imc><imc name="LABEL" value="L2"/></imc><imc name="JUMP" value="L3"/><imc name="LABEL" value="L5"/></imc></node><location loc="7.5--17.11"/></node><node label="VarName" lexeme="a"><location loc="18.3--18.3"/><declaredAt location="1.1--1.11"/><type label="INT"/><addr/><imc name="MEM"><imc name="NAME" value="_a"/></imc></node><location loc="6.23--18.3"/><type label="INT"/><imc name="SEXPR"><imc name="STMTS"><imc name="MOVE"><imc name="MEM"><imc name="NAME" value="_a"/></imc><imc name="BINOP" value="ADD"><imc name="MEM"><imc name="NAME" value="_a"/></imc><imc name="CONST" value="1"/></imc></imc><imc name="MOVE"><imc name="MEM"><imc name="NAME" value="_b"/></imc><imc name="CONST" value="0"/></imc><imc name="MOVE"><imc name="MEM"><imc name="NAME" value="_c"/></imc><imc name="CONST" value="65"/></imc><imc name="STMTS"><imc name="LABEL" value="L3"/><imc name="CJUMP" value="L4:L5"><imc name="BINOP" value="GTH"><imc name="MEM"><imc name="NAME" value="_a"/></imc><imc name="CONST" value="3"/></imc></imc><imc name="LABEL" value="L4"/><imc name="STMTS"><imc name="CJUMP" value="L0:L1"><imc name="BINOP" value="EQU"><imc name="BINOP" value="MOD"><imc name="CONST" value="3"/><imc name="CONST" value="2"/></imc><imc name="CONST" value="0"/></imc></imc><imc name="LABEL" value="L0"/><imc name="MOVE"><imc name="MEM"><imc name="NAME" value="_p"/></imc><imc name="BINOP" value="MUL"><imc name="MEM"><imc name="NAME" value="_a"/></imc><imc name="MEM"><imc name="NAME" value="_a"/></imc></imc></imc><imc name="JUMP" value="L2"/><imc name="LABEL" value="L1"/><imc name="MOVE"><imc name="MEM"><imc name="NAME" value="_p"/></imc><imc name="BINOP" value="SUB"><imc name="MEM"><imc name="NAME" value="_a"/></imc><imc name="MEM"><imc name="NAME" value="_a"/></imc></imc></imc><imc name="LABEL" value="L2"/></imc><imc name="JUMP" value="L3"/><imc name="LABEL" value="L5"/></imc></imc><imc name="MEM"><imc name="NAME" value="_a"/></imc></imc></node><location loc="6.1--18.3"/><frame argssize="8" depth="1" label="_main" locssize="0" size="24"/></node><location loc="1.1--18.3"/></node><location loc="1.1--18.3"/></node></imcgen>