<?xml version="1.0" encoding="UTF-8" standalone="no"?><?xml-stylesheet type="text/xsl" href="E:/FRI/PNS/pins-07/pins/data/imcgen.xsl"?><imcgen><node label="Source"><node label="Decls"><node label="TypDecl" lexeme="datNewType"><node label="AtomType" spec="INT"><location loc="1.18--1.20"/><type label="INT"/></node><location loc="1.1--1.20"/><type label="TYPE" name="datNewType"/></node><node label="VarDecl" lexeme="oldone"><node label="AtomType" spec="INT"><location loc="3.14--3.16"/><type label="INT"/></node><location loc="3.1--3.16"/><access label="_oldone" size="8"/></node><node label="VarDecl" lexeme="datNewBoi"><node label="TypeName" lexeme="datNewType"><location loc="4.17--4.26"/><declaredAt location="1.1--1.20"/><type label="TYPE" name="datNewType"/></node><location loc="4.1--4.26"/><access label="_datNewBoi" size="8"/></node><node label="FunDef" lexeme="wauuu"><node label="ParDecls"><location loc="0.0--0.0"/></node><node label="AtomType" spec="VOID"><location loc="6.15--6.18"/><type label="VOID"/></node><node label="BlockExpr"><node label="Decls"><location loc="0.0--0.0"/></node><node label="Stmts"><node label="AssignStmt"><node label="VarName" lexeme="datNewBoi"><location loc="7.6--7.14"/><declaredAt location="4.1--4.26"/><type label="TYPE" name="datNewType"/><addr/><imc name="MEM"><imc name="NAME" value="_datNewBoi"/></imc></node><node label="CastExpr"><node label="VarName" lexeme="oldone"><location loc="7.19--7.24"/><declaredAt location="3.1--3.16"/><type label="INT"/><addr/><imc name="MEM"><imc name="NAME" value="_oldone"/></imc></node><node label="TypeName" lexeme="datNewType"><location loc="7.28--7.37"/><declaredAt location="1.1--1.20"/><type label="TYPE" name="datNewType"/></node><location loc="7.19--7.37"/><type label="INT"/><imc name="MEM"><imc name="NAME" value="_oldone"/></imc></node><location loc="7.6--7.38"/><imc name="MOVE"><imc name="MEM"><imc name="NAME" value="_datNewBoi"/></imc><imc name="MEM"><imc name="NAME" value="_oldone"/></imc></imc></node><location loc="7.6--7.38"/></node><node label="AtomExpr" lexeme="none" spec="VOID"><location loc="8.8--8.11"/><type label="VOID"/><imc name="CONST" value="0"/></node><location loc="6.20--8.11"/><type label="VOID"/></node><location loc="6.1--8.11"/><frame argssize="8" depth="1" label="_wauuu" locssize="0" size="24"/></node><location loc="1.1--8.11"/></node><location loc="1.1--8.11"/></node></imcgen>