<?xml version="1.0" encoding="UTF-8" standalone="no"?><?xml-stylesheet type="text/xsl" href="E:/FRI/PNS/pins-07/pins/data/imcgen.xsl"?><imcgen><node label="Source"><node label="Decls"><node label="FunDef" lexeme="f"><node label="ParDecls"><location loc="0.0--0.0"/></node><node label="AtomType" spec="INT"><location loc="1.11--1.13"/><type label="INT"/></node><node label="BlockExpr"><node label="Decls"><location loc="0.0--0.0"/></node><node label="Stmts"><node label="WhileStmt"><node label="AtomExpr" lexeme="true" spec="BOOL"><location loc="2.11--2.14"/><type label="BOOL"/><imc name="CONST" value="1"/></node><node label="Stmts"><node label="ExprStmt"><node label="AtomExpr" lexeme="4" spec="INT"><location loc="3.9--3.9"/><type label="INT"/><imc name="CONST" value="4"/></node><location loc="3.9--3.9"/><imc name="ESTMT"><imc name="CONST" value="4"/></imc></node><location loc="3.9--3.9"/></node><location loc="2.5--4.7"/><imc name="STMTS"><imc name="LABEL" value="L0"/><imc name="CJUMP" value="L1:L2"><imc name="CONST" value="1"/></imc><imc name="LABEL" value="L1"/><imc name="ESTMT"><imc name="CONST" value="4"/></imc><imc name="JUMP" value="L0"/><imc name="LABEL" value="L2"/></imc></node><location loc="2.5--4.7"/></node><node label="AtomExpr" lexeme="0" spec="INT"><location loc="5.3--5.3"/><type label="INT"/><imc name="CONST" value="0"/></node><location loc="1.15--5.3"/><type label="INT"/><imc name="SEXPR"><imc name="STMTS"><imc name="STMTS"><imc name="LABEL" value="L0"/><imc name="CJUMP" value="L1:L2"><imc name="CONST" value="1"/></imc><imc name="LABEL" value="L1"/><imc name="ESTMT"><imc name="CONST" value="4"/></imc><imc name="JUMP" value="L0"/><imc name="LABEL" value="L2"/></imc></imc><imc name="CONST" value="0"/></imc></node><location loc="1.1--5.3"/><frame argssize="8" depth="1" label="_f" locssize="0" size="24"/></node><location loc="1.1--5.3"/></node><location loc="1.1--5.3"/></node></imcgen>