<?xml version="1.0" encoding="UTF-8" standalone="no"?><?xml-stylesheet type="text/xsl" href="E:/FRI/PNS/pins-07/pins/data/imcgen.xsl"?><imcgen><node label="Source"><node label="Decls"><node label="FunDef" lexeme="f"><node label="ParDecls"><node label="ParDecl" lexeme="a"><node label="PtrType"><node label="AtomType" spec="INT"><location loc="1.14--1.16"/><type label="INT"/></node><location loc="1.10--1.16"/><type label="PTR"><type label="INT"/></type></node><location loc="1.7--1.16"/><access depth="2" offset="8" size="8"/></node><location loc="1.7--1.16"/></node><node label="AtomType" spec="INT"><location loc="1.21--1.23"/><type label="INT"/></node><node label="BlockExpr"><node label="Decls"><location loc="0.0--0.0"/></node><node label="Stmts"><node label="ExprStmt"><node label="NewExpr"><node label="AtomType" spec="INT"><location loc="2.9--2.11"/><type label="INT"/></node><location loc="2.5--2.12"/><type label="PTR"><type label="INT"/></type><imc name="CALL" value="_new"><imc name="CONST" value="0"/><imc name="CONST" value="8"/></imc></node><location loc="2.5--2.12"/><imc name="ESTMT"><imc name="CALL" value="_new"><imc name="CONST" value="0"/><imc name="CONST" value="8"/></imc></imc></node><node label="ExprStmt"><node label="DelExpr"><node label="VarName" lexeme="a"><location loc="3.9--3.9"/><declaredAt location="1.7--1.16"/><type label="PTR"><type label="INT"/></type><addr/><imc name="MEM"><imc name="BINOP" value="ADD"><imc name="TEMP" value="0"/><imc name="CONST" value="8"/></imc></imc></node><location loc="3.5--3.10"/><type label="PTR"><type label="INT"/></type><imc name="CALL" value="_del"><imc name="CONST" value="0"/><imc name="MEM"><imc name="BINOP" value="ADD"><imc name="TEMP" value="0"/><imc name="CONST" value="8"/></imc></imc></imc></node><location loc="3.5--3.10"/><imc name="ESTMT"><imc name="CALL" value="_del"><imc name="CONST" value="0"/><imc name="MEM"><imc name="BINOP" value="ADD"><imc name="TEMP" value="0"/><imc name="CONST" value="8"/></imc></imc></imc></imc></node><location loc="2.5--3.10"/></node><node label="AtomExpr" lexeme="0" spec="INT"><location loc="4.3--4.3"/><type label="INT"/><imc name="CONST" value="0"/></node><location loc="1.25--4.3"/><type label="INT"/><imc name="SEXPR"><imc name="STMTS"><imc name="ESTMT"><imc name="CALL" value="_new"><imc name="CONST" value="0"/><imc name="CONST" value="8"/></imc></imc><imc name="ESTMT"><imc name="CALL" value="_del"><imc name="CONST" value="0"/><imc name="MEM"><imc name="BINOP" value="ADD"><imc name="TEMP" value="0"/><imc name="CONST" value="8"/></imc></imc></imc></imc></imc><imc name="CONST" value="0"/></imc></node><location loc="1.1--4.3"/><frame argssize="8" depth="1" label="_f" locssize="0" size="24"/></node><location loc="1.1--4.3"/></node><location loc="1.1--4.3"/></node></imcgen>