<?xml version="1.0" encoding="UTF-8" standalone="no"?><?xml-stylesheet type="text/xsl" href="E:/FRI/PNS/pins-06/pins/data/seman.xsl"?><seman><node label="Source"><node label="Decls"><node label="VarDecl" lexeme="d"><node label="AtomType" spec="INT"><location loc="1.8--1.10"/><type label="INT"/></node><location loc="1.1--1.10"/></node><node label="VarDecl" lexeme="e"><node label="TypeName" lexeme="c"><location loc="2.8--2.8"/><declaredAt location="47.1--47.10"/><type label="TYPE" name="c"/></node><location loc="2.1--2.8"/></node><node label="VarDecl" lexeme="tab"><node label="TypeName" lexeme="y"><location loc="3.10--3.10"/><declaredAt location="49.1--49.18"/><type label="TYPE" name="y"/></node><location loc="3.1--3.10"/></node><node label="VarDecl" lexeme="tab2"><node label="ArrType"><node label="AtomExpr" lexeme="10" spec="INT"><location loc="4.15--4.16"/><type label="INT"/></node><node label="AtomType" spec="INT"><location loc="4.19--4.21"/><type label="INT"/></node><location loc="4.11--4.21"/><type label="ARR(10)" len="10"><type label="INT"/></type></node><location loc="4.1--4.21"/></node><node label="VarDecl" lexeme="tab3"><node label="ArrType"><node label="AtomExpr" lexeme="10" spec="INT"><location loc="5.15--5.16"/><type label="INT"/></node><node label="AtomType" spec="CHAR"><location loc="5.19--5.22"/><type label="CHAR"/></node><location loc="5.11--5.22"/><type label="ARR(10)" len="10"><type label="CHAR"/></type></node><location loc="5.1--5.22"/></node><node label="VarDecl" lexeme="tab4"><node label="AtomType" spec="INT"><location loc="6.11--6.13"/><type label="INT"/></node><location loc="6.1--6.13"/></node><node label="VarDecl" lexeme="i"><node label="AtomType" spec="CHAR"><location loc="7.8--7.11"/><type label="CHAR"/></node><location loc="7.1--7.11"/></node><node label="VarDecl" lexeme="j"><node label="TypeName" lexeme="z"><location loc="8.8--8.8"/><declaredAt location="50.1--50.12"/><type label="TYPE" name="z"/></node><location loc="8.1--8.8"/></node><node label="VarDecl" lexeme="test"><node label="TypeName" lexeme="g"><location loc="9.11--9.11"/><declaredAt location="52.1--52.29"/><type label="TYPE" name="g"/></node><location loc="9.1--9.11"/></node><node label="FunDef" lexeme="f1"><node label="ParDecls"><node label="ParDecl" lexeme="d"><node label="TypeName" lexeme="a"><location loc="11.12--11.12"/><declaredAt location="45.1--45.8"/><type label="TYPE" name="a"/></node><location loc="11.8--11.12"/></node><node label="ParDecl" lexeme="e"><node label="TypeName" lexeme="c"><location loc="11.19--11.19"/><declaredAt location="47.1--47.10"/><type label="TYPE" name="c"/></node><location loc="11.15--11.19"/></node><location loc="11.8--11.19"/></node><node label="TypeName" lexeme="c"><location loc="11.24--11.24"/><declaredAt location="47.1--47.10"/><type label="TYPE" name="c"/></node><node label="BlockExpr"><node label="Decls"><node label="VarDecl" lexeme="t"><node label="AtomType" spec="INT"><location loc="39.20--39.22"/><type label="INT"/></node><location loc="39.13--39.22"/></node><node label="TypDecl" lexeme="g"><node label="AtomType" spec="CHAR"><location loc="39.31--39.34"/><type label="CHAR"/></node><location loc="39.24--39.34"/><type label="TYPE" name="g"/></node><location loc="39.13--39.34"/></node><node label="Stmts"><node label="ExprStmt"><node label="FunName" lexeme="f1"><node label="Args"><node label="AtomExpr" lexeme="1" spec="INT"><location loc="12.8--12.8"/><type label="INT"/></node><node label="AtomExpr" lexeme="2" spec="INT"><location loc="12.11--12.11"/><type label="INT"/></node><location loc="12.8--0.0"/></node><location loc="12.5--12.12"/><declaredAt location="11.1--39.36"/><type label="TYPE" name="c"/></node><location loc="12.5--12.12"/></node><node label="ExprStmt"><node label="ArrExpr"><node label="VarName" lexeme="tab3"><location loc="13.5--13.8"/><declaredAt location="5.1--5.22"/><type label="ARR(10)" len="10"><type label="CHAR"/></type><addr/></node><node label="VarName" lexeme="tab4"><location loc="13.10--13.13"/><declaredAt location="6.1--6.13"/><type label="INT"/></node><location loc="13.9--13.14"/><type label="CHAR"/><addr/></node><location loc="13.5--13.14"/></node><node label="AssignStmt"><node label="VarName" lexeme="d"><location loc="14.5--14.5"/><declaredAt location="11.8--11.12"/><type label="TYPE" name="a"/><addr/></node><node label="BinExpr" spec="ADD"><node label="VarName" lexeme="d"><location loc="14.9--14.9"/><declaredAt location="11.8--11.12"/><type label="TYPE" name="a"/><addr/></node><node label="VarName" lexeme="e"><location loc="14.13--14.13"/><declaredAt location="11.15--11.19"/><type label="TYPE" name="c"/><addr/></node><location loc="14.9--14.13"/><type label="INT"/></node><location loc="14.5--14.13"/></node><node label="AssignStmt"><node label="VarName" lexeme="d"><location loc="15.5--15.5"/><declaredAt location="11.8--11.12"/><type label="TYPE" name="a"/><addr/></node><node label="UnExpr" spec="ADD"><node label="BinExpr" spec="MOD"><node label="VarName" lexeme="d"><location loc="15.11--15.11"/><declaredAt location="11.8--11.12"/><type label="TYPE" name="a"/><addr/></node><node label="AtomExpr" lexeme="2" spec="INT"><location loc="15.15--15.15"/><type label="INT"/></node><location loc="15.11--15.15"/><type label="INT"/></node><location loc="15.9--15.16"/><type label="INT"/></node><location loc="15.5--15.16"/></node><node label="ExprStmt"><node label="BinExpr" spec="GEQ"><node label="FunName" lexeme="x"><node label="Args"><node label="AtomExpr" lexeme="13" spec="INT"><location loc="16.7--16.8"/><type label="INT"/></node><node label="VarName" lexeme="j"><location loc="16.11--16.11"/><declaredAt location="8.1--8.8"/><type label="PTR"><type label="TYPE" name="a"/></type><addr/></node><location loc="16.7--0.0"/></node><location loc="16.5--16.12"/><declaredAt location="41.1--41.24"/><type label="TYPE" name="c"/></node><node label="AtomExpr" lexeme="3" spec="INT"><location loc="16.17--16.17"/><type label="INT"/></node><location loc="16.5--16.17"/><type label="BOOL"/></node><location loc="16.5--16.17"/></node><node label="ExprStmt"><node label="CastExpr"><node label="VarName" lexeme="i"><location loc="17.7--17.7"/><declaredAt location="7.1--7.11"/><type label="CHAR"/><addr/></node><node label="TypeName" lexeme="h"><location loc="17.11--17.11"/><declaredAt location="51.1--51.14"/><type label="TYPE" name="h"/></node><location loc="17.7--17.11"/><type label="PTR"><type label="INT"/></type></node><location loc="17.5--17.13"/></node><node label="AssignStmt"><node label="VarName" lexeme="d"><location loc="18.5--18.5"/><declaredAt location="11.8--11.12"/><type label="TYPE" name="a"/><addr/></node><node label="AtomExpr" lexeme="5" spec="INT"><location loc="18.9--18.9"/><type label="INT"/></node><location loc="18.5--18.9"/></node><node label="AssignStmt"><node label="VarName" lexeme="d"><location loc="19.5--19.5"/><declaredAt location="11.8--11.12"/><type label="TYPE" name="a"/><addr/></node><node label="UnExpr" spec="DATA"><node label="VarName" lexeme="j"><location loc="19.11--19.11"/><declaredAt location="8.1--8.8"/><type label="TYPE" name="z"/><addr/></node><location loc="19.9--19.12"/><type label="TYPE" name="a"/><addr/></node><location loc="19.5--19.12"/></node><node label="AssignStmt"><node label="UnExpr" spec="SUB"><node label="FunName" lexeme="x"><node label="Args"><node label="VarName" lexeme="d"><location loc="20.8--20.8"/><declaredAt location="11.8--11.12"/><type label="INT"/><addr/></node><node label="VarName" lexeme="j"><location loc="20.11--20.11"/><declaredAt location="8.1--8.8"/><type label="PTR"><type label="TYPE" name="a"/></type><addr/></node><location loc="20.8--0.0"/></node><location loc="20.6--20.12"/><declaredAt location="41.1--41.24"/><type label="TYPE" name="c"/></node><location loc="20.5--20.12"/><type label="INT"/></node><node label="UnExpr" spec="ADD"><node label="AtomExpr" lexeme="1" spec="INT"><location loc="20.17--20.17"/><type label="INT"/></node><location loc="20.16--20.17"/><type label="INT"/></node><location loc="20.5--20.17"/></node><node label="ExprStmt"><node label="FunName" lexeme="nicVrne"><node label="Args"><node label="AtomExpr" lexeme="3" spec="INT"><location loc="21.13--21.13"/><type label="INT"/></node><location loc="21.13--0.0"/></node><location loc="21.5--21.14"/><declaredAt location="43.1--43.26"/><type label="VOID"/></node><location loc="21.5--21.14"/></node><node label="AssignStmt"><node label="VarName" lexeme="i"><location loc="22.5--22.5"/><declaredAt location="7.1--7.11"/><type label="CHAR"/><addr/></node><node label="CastExpr"><node label="FunName" lexeme="x"><node label="Args"><node label="FunName" lexeme="x"><node label="Args"><node label="AtomExpr" lexeme="3" spec="INT"><location loc="22.14--22.14"/><type label="INT"/></node><node label="VarName" lexeme="j"><location loc="22.17--22.17"/><declaredAt location="8.1--8.8"/><type label="PTR"><type label="TYPE" name="a"/></type><addr/></node><location loc="22.14--0.0"/></node><location loc="22.12--22.18"/><declaredAt location="41.1--41.24"/><type label="INT"/></node><node label="VarName" lexeme="j"><location loc="22.21--22.21"/><declaredAt location="8.1--8.8"/><type label="PTR"><type label="TYPE" name="a"/></type><addr/></node><location loc="22.12--0.0"/></node><location loc="22.10--22.22"/><declaredAt location="41.1--41.24"/><type label="TYPE" name="c"/></node><node label="AtomType" spec="CHAR"><location loc="22.26--22.29"/><type label="CHAR"/></node><location loc="22.10--22.29"/><type label="CHAR"/></node><location loc="22.5--22.30"/></node><node label="WhileStmt"><node label="BinExpr" spec="EQU"><node label="VarName" lexeme="d"><location loc="23.11--23.11"/><declaredAt location="11.8--11.12"/><type label="TYPE" name="a"/><addr/></node><node label="VarName" lexeme="e"><location loc="23.16--23.16"/><declaredAt location="11.15--11.19"/><type label="TYPE" name="c"/><addr/></node><location loc="23.11--23.16"/><type label="BOOL"/></node><node label="Stmts"><node label="IfStmt"><node label="BinExpr" spec="EQU"><node label="BinExpr" spec="SUB"><node label="FunName" lexeme="x"><node label="Args"><node label="AtomExpr" lexeme="10" spec="INT"><location loc="24.20--24.21"/><type label="INT"/></node><node label="VarName" lexeme="j"><location loc="24.24--24.24"/><declaredAt location="8.1--8.8"/><type label="PTR"><type label="TYPE" name="a"/></type><addr/></node><location loc="24.20--0.0"/></node><location loc="24.18--24.25"/><declaredAt location="41.1--41.24"/><type label="TYPE" name="c"/></node><node label="AtomExpr" lexeme="2" spec="INT"><location loc="24.29--24.29"/><type label="INT"/></node><location loc="24.18--24.29"/><type label="INT"/></node><node label="AtomExpr" lexeme="3" spec="INT"><location loc="24.35--24.35"/><type label="INT"/></node><location loc="24.18--24.35"/><type label="BOOL"/></node><node label="Stmts"><node label="AssignStmt"><node label="FunName" lexeme="x"><node label="Args"><node label="AtomExpr" lexeme="10" spec="INT"><location loc="25.19--25.20"/><type label="INT"/></node><node label="VarName" lexeme="j"><location loc="25.23--25.23"/><declaredAt location="8.1--8.8"/><type label="PTR"><type label="TYPE" name="a"/></type><addr/></node><location loc="25.19--0.0"/></node><location loc="25.17--25.24"/><declaredAt location="41.1--41.24"/><type label="TYPE" name="c"/></node><node label="UnExpr" spec="ADD"><node label="AtomExpr" lexeme="1" spec="INT"><location loc="25.29--25.29"/><type label="INT"/></node><location loc="25.28--25.29"/><type label="INT"/></node><location loc="25.17--25.29"/></node><node label="ExprStmt"><node label="FunName" lexeme="nicVrne"><node label="Args"><node label="VarName" lexeme="e"><location loc="26.25--26.25"/><declaredAt location="11.15--11.19"/><type label="INT"/><addr/></node><location loc="26.25--0.0"/></node><location loc="26.17--26.26"/><declaredAt location="43.1--43.26"/><type label="VOID"/></node><location loc="26.17--26.26"/></node><node label="AssignStmt"><node label="VarName" lexeme="d"><location loc="27.17--27.17"/><declaredAt location="11.8--11.12"/><type label="TYPE" name="a"/><addr/></node><node label="BinExpr" spec="ADD"><node label="AtomExpr" lexeme="1" spec="INT"><location loc="27.21--27.21"/><type label="INT"/></node><node label="AtomExpr" lexeme="1" spec="INT"><location loc="27.25--27.25"/><type label="INT"/></node><location loc="27.21--27.25"/><type label="INT"/></node><location loc="27.17--27.25"/></node><location loc="25.17--27.25"/></node><node label="Stmts"><node label="AssignStmt"><node label="VarName" lexeme="e"><location loc="29.17--29.17"/><declaredAt location="11.15--11.19"/><type label="TYPE" name="c"/><addr/></node><node label="FunName" lexeme="x"><node label="Args"><node label="AtomExpr" lexeme="13" spec="INT"><location loc="29.23--29.24"/><type label="INT"/></node><node label="NewExpr"><node label="AtomType" spec="INT"><location loc="29.31--29.33"/><type label="INT"/></node><location loc="29.27--29.34"/><type label="PTR"><type label="INT"/></type></node><location loc="29.23--0.0"/></node><location loc="29.21--29.35"/><declaredAt location="41.1--41.24"/><type label="TYPE" name="c"/></node><location loc="29.17--29.35"/></node><node label="ExprStmt"><node label="FunName" lexeme="nicVrne"><node label="Args"><node label="VarName" lexeme="e"><location loc="30.25--30.25"/><declaredAt location="11.15--11.19"/><type label="INT"/><addr/></node><location loc="30.25--0.0"/></node><location loc="30.17--30.26"/><declaredAt location="43.1--43.26"/><type label="VOID"/></node><location loc="30.17--30.26"/></node><node label="AssignStmt"><node label="VarName" lexeme="e"><location loc="31.17--31.17"/><declaredAt location="11.15--11.19"/><type label="TYPE" name="c"/><addr/></node><node label="BinExpr" spec="MUL"><node label="BinExpr" spec="ADD"><node label="VarName" lexeme="e"><location loc="31.22--31.22"/><declaredAt location="11.15--11.19"/><type label="TYPE" name="c"/><addr/></node><node label="AtomExpr" lexeme="2" spec="INT"><location loc="31.26--31.26"/><type label="INT"/></node><location loc="31.22--31.26"/><type label="INT"/></node><node label="AtomExpr" lexeme="2" spec="INT"><location loc="31.31--31.31"/><type label="INT"/></node><location loc="31.22--31.31"/><type label="INT"/></node><location loc="31.17--31.31"/></node><location loc="29.17--31.31"/></node><location loc="24.13--32.15"/></node><location loc="24.13--32.15"/></node><location loc="23.5--33.11"/></node><node label="AssignStmt"><node label="VarName" lexeme="j"><location loc="34.5--34.5"/><declaredAt location="8.1--8.8"/><type label="TYPE" name="z"/><addr/></node><node label="NewExpr"><node label="AtomType" spec="INT"><location loc="34.13--34.15"/><type label="INT"/></node><location loc="34.9--34.16"/><type label="PTR"><type label="INT"/></type></node><location loc="34.5--34.16"/></node><node label="ExprStmt"><node label="DelExpr"><node label="BinExpr" spec="ADD"><node label="VarName" lexeme="i"><location loc="35.9--35.9"/><declaredAt location="7.1--7.11"/><type label="CHAR"/><addr/></node><node label="AtomExpr" lexeme="'c'" spec="CHAR"><location loc="35.13--35.15"/><type label="CHAR"/></node><location loc="35.9--35.15"/><type label="INT"/></node><location loc="35.5--35.16"/><type label="INT"/></node><location loc="35.5--35.16"/></node><node label="AssignStmt"><node label="VarName" lexeme="i"><location loc="36.5--36.5"/><declaredAt location="7.1--7.11"/><type label="CHAR"/><addr/></node><node label="AtomExpr" lexeme="'5'" spec="CHAR"><location loc="36.9--36.11"/><type label="CHAR"/></node><location loc="36.5--36.11"/></node><node label="ExprStmt"><node label="ArrExpr"><node label="VarName" lexeme="tab"><location loc="37.5--37.7"/><declaredAt location="3.1--3.10"/><type label="TYPE" name="y"/><addr/></node><node label="UnExpr" spec="DATA"><node label="VarName" lexeme="j"><location loc="37.10--37.10"/><declaredAt location="8.1--8.8"/><type label="TYPE" name="z"/></node><location loc="37.9--37.10"/><type label="TYPE" name="a"/></node><location loc="37.8--37.11"/><type label="CHAR"/><addr/></node><location loc="37.5--37.11"/></node><node label="AssignStmt"><node label="ArrExpr"><node label="VarName" lexeme="tab2"><location loc="38.5--38.8"/><declaredAt location="4.1--4.21"/><type label="ARR(10)" len="10"><type label="INT"/></type><addr/></node><node label="BinExpr" spec="ADD"><node label="AtomExpr" lexeme="0" spec="INT"><location loc="38.10--38.10"/><type label="INT"/></node><node label="AtomExpr" lexeme="1" spec="INT"><location loc="38.12--38.12"/><type label="INT"/></node><location loc="38.10--38.12"/><type label="INT"/></node><location loc="38.9--38.13"/><type label="INT"/><addr/></node><node label="BinExpr" spec="DIV"><node label="BinExpr" spec="ADD"><node label="AtomExpr" lexeme="3" spec="INT"><location loc="38.18--38.18"/><type label="INT"/></node><node label="AtomExpr" lexeme="4" spec="INT"><location loc="38.22--38.22"/><type label="INT"/></node><location loc="38.18--38.22"/><type label="INT"/></node><node label="AtomExpr" lexeme="2" spec="INT"><location loc="38.27--38.27"/><type label="INT"/></node><location loc="38.18--38.27"/><type label="INT"/></node><location loc="38.5--38.27"/></node><location loc="12.5--38.27"/></node><node label="VarName" lexeme="e"><location loc="39.3--39.3"/><declaredAt location="11.15--11.19"/><type label="TYPE" name="c"/><addr/></node><location loc="11.26--39.36"/><type label="TYPE" name="c"/></node><location loc="11.1--39.36"/></node><node label="FunDecl" lexeme="x"><node label="ParDecls"><node label="ParDecl" lexeme="f"><node label="AtomType" spec="INT"><location loc="41.11--41.13"/><type label="INT"/></node><location loc="41.7--41.13"/></node><node label="ParDecl" lexeme="g"><node label="TypeName" lexeme="z"><location loc="41.20--41.20"/><declaredAt location="50.1--50.12"/><type label="TYPE" name="z"/></node><location loc="41.16--41.20"/></node><location loc="41.7--41.20"/></node><node label="TypeName" lexeme="c"><location loc="41.24--41.24"/><declaredAt location="47.1--47.10"/><type label="TYPE" name="c"/></node><location loc="41.1--41.24"/></node><node label="FunDecl" lexeme="nicVrne"><node label="ParDecls"><node label="ParDecl" lexeme="m"><node label="AtomType" spec="INT"><location loc="43.17--43.19"/><type label="INT"/></node><location loc="43.13--43.19"/></node><location loc="43.13--43.19"/></node><node label="AtomType" spec="VOID"><location loc="43.23--43.26"/><type label="VOID"/></node><location loc="43.1--43.26"/></node><node label="TypDecl" lexeme="a"><node label="TypeName" lexeme="b"><location loc="45.8--45.8"/><declaredAt location="46.1--46.10"/><type label="TYPE" name="b"/></node><location loc="45.1--45.8"/><type label="TYPE" name="a"/></node><node label="TypDecl" lexeme="b"><node label="AtomType" spec="INT"><location loc="46.8--46.10"/><type label="INT"/></node><location loc="46.1--46.10"/><type label="TYPE" name="b"/></node><node label="TypDecl" lexeme="c"><node label="AtomType" spec="INT"><location loc="47.8--47.10"/><type label="INT"/></node><location loc="47.1--47.10"/><type label="TYPE" name="c"/></node><node label="TypDecl" lexeme="gg"><node label="AtomType" spec="VOID"><location loc="48.9--48.12"/><type label="VOID"/></node><location loc="48.1--48.12"/><type label="TYPE" name="gg"/></node><node label="TypDecl" lexeme="y"><node label="ArrType"><node label="AtomExpr" lexeme="5" spec="INT"><location loc="49.12--49.12"/><type label="INT"/></node><node label="AtomType" spec="CHAR"><location loc="49.15--49.18"/><type label="CHAR"/></node><location loc="49.8--49.18"/><type label="ARR(5)" len="5"><type label="CHAR"/></type></node><location loc="49.1--49.18"/><type label="TYPE" name="y"/></node><node label="TypDecl" lexeme="z"><node label="PtrType"><node label="TypeName" lexeme="a"><location loc="50.12--50.12"/><declaredAt location="45.1--45.8"/><type label="TYPE" name="a"/></node><location loc="50.8--50.12"/><type label="PTR"><type label="TYPE" name="a"/></type></node><location loc="50.1--50.12"/><type label="TYPE" name="z"/></node><node label="TypDecl" lexeme="h"><node label="PtrType"><node label="AtomType" spec="INT"><location loc="51.12--51.14"/><type label="INT"/></node><location loc="51.8--51.14"/><type label="PTR"><type label="INT"/></type></node><location loc="51.1--51.14"/><type label="TYPE" name="h"/></node><node label="TypDecl" lexeme="g"><node label="ArrType"><node label="AtomExpr" lexeme="13" spec="INT"><location loc="52.15--52.16"/><type label="INT"/></node><node label="PtrType"><node label="AtomType" spec="INT"><location loc="52.24--52.26"/><type label="INT"/></node><location loc="52.20--52.26"/><type label="PTR"><type label="INT"/></type></node><location loc="52.10--52.27"/><type label="ARR(13)" len="13"><type label="PTR"><type label="INT"/></type></type></node><location loc="52.1--52.29"/><type label="TYPE" name="g"/></node><location loc="1.1--52.29"/></node><location loc="1.1--52.29"/></node></seman>